<?xml version="1.0" encoding="UTF-8"?>
<coverage generated="1773789694887" clover="3.2.0">
  <project timestamp="1773789694887" name="All files">
    <metrics statements="3739" coveredstatements="2844" conditionals="3325" coveredconditionals="2188" methods="1240" coveredmethods="770" elements="8304" coveredelements="5802" complexity="0" loc="3739" ncloc="3739" packages="46" files="204" classes="204"/>
    <package name="src">
      <metrics statements="129" coveredstatements="79" conditionals="115" coveredconditionals="44" methods="64" coveredmethods="16"/>
      <file name="App.module.css" path="C:\Users\sfent\source\repos\FortniteFestivalLeaderboardScraper\FortniteFestivalWeb\src\App.module.css">
        <metrics statements="0" coveredstatements="0" conditionals="0" coveredconditionals="0" methods="0" coveredmethods="0"/>
      </file>
      <file name="App.tsx" path="C:\Users\sfent\source\repos\FortniteFestivalLeaderboardScraper\FortniteFestivalWeb\src\App.tsx">
        <metrics statements="115" coveredstatements="69" conditionals="115" coveredconditionals="44" methods="59" coveredmethods="15"/>
        <line num="12" count="1" type="stmt"/>
        <line num="13" count="1" type="stmt"/>
        <line num="14" count="1" type="stmt"/>
        <line num="15" count="1" type="stmt"/>
        <line num="16" count="1" type="stmt"/>
        <line num="17" count="1" type="stmt"/>
        <line num="45" count="8" type="stmt"/>
        <line num="65" count="1" type="stmt"/>
        <line num="67" count="1" type="stmt"/>
        <line num="69" count="10" type="cond" truecount="1" falsecount="1"/>
        <line num="73" count="10" type="stmt"/>
        <line num="74" count="10" type="stmt"/>
        <line num="75" count="10" type="stmt"/>
        <line num="76" count="10" type="stmt"/>
        <line num="77" count="10" type="stmt"/>
        <line num="78" count="10" type="stmt"/>
        <line num="79" count="10" type="stmt"/>
        <line num="80" count="10" type="stmt"/>
        <line num="81" count="10" type="stmt"/>
        <line num="82" count="10" type="stmt"/>
        <line num="83" count="10" type="stmt"/>
        <line num="84" count="10" type="stmt"/>
        <line num="85" count="8" type="stmt"/>
        <line num="86" count="8" type="stmt"/>
        <line num="87" count="8" type="cond" truecount="1" falsecount="1"/>
        <line num="88" count="0" type="stmt"/>
        <line num="89" count="0" type="cond" truecount="0" falsecount="2"/>
        <line num="90" count="0" type="stmt"/>
        <line num="93" count="10" type="stmt"/>
        <line num="94" count="8" type="cond" truecount="1" falsecount="1"/>
        <line num="95" count="8" type="stmt"/>
        <line num="98" count="10" type="stmt"/>
        <line num="99" count="0" type="stmt"/>
        <line num="101" count="10" type="stmt"/>
        <line num="102" count="10" type="stmt"/>
        <line num="105" count="10" type="stmt"/>
        <line num="108" count="10" type="stmt"/>
        <line num="109" count="10" type="stmt"/>
        <line num="110" count="8" type="stmt"/>
        <line num="111" count="8" type="cond" truecount="3" falsecount="1"/>
        <line num="112" count="0" type="stmt"/>
        <line num="113" count="0" type="stmt"/>
        <line num="114" count="0" type="stmt"/>
        <line num="115" count="0" type="stmt"/>
        <line num="117" count="0" type="stmt"/>
        <line num="122" count="10" type="stmt"/>
        <line num="124" count="10" type="stmt"/>
        <line num="125" count="0" type="stmt"/>
        <line num="127" count="0" type="cond" truecount="0" falsecount="2"/>
        <line num="128" count="0" type="stmt"/>
        <line num="132" count="10" type="stmt"/>
        <line num="133" count="0" type="stmt"/>
        <line num="136" count="10" type="stmt"/>
        <line num="137" count="0" type="stmt"/>
        <line num="138" count="0" type="stmt"/>
        <line num="141" count="10" type="stmt"/>
        <line num="142" count="10" type="stmt"/>
        <line num="143" count="8" type="stmt"/>
        <line num="144" count="8" type="stmt"/>
        <line num="145" count="8" type="stmt"/>
        <line num="148" count="10" type="stmt"/>
        <line num="151" count="10" type="stmt"/>
        <line num="157" count="10" type="cond" truecount="2" falsecount="0"/>
        <line num="161" count="10" type="stmt"/>
        <line num="162" count="9" type="stmt"/>
        <line num="163" count="9" type="stmt"/>
        <line num="164" count="9" type="cond" truecount="3" falsecount="1"/>
        <line num="165" count="9" type="cond" truecount="3" falsecount="1"/>
        <line num="166" count="9" type="cond" truecount="3" falsecount="1"/>
        <line num="167" count="9" type="cond" truecount="2" falsecount="2"/>
        <line num="168" count="9" type="stmt"/>
        <line num="172" count="10" type="stmt"/>
        <line num="173" count="10" type="cond" truecount="1" falsecount="1"/>
        <line num="174" count="10" type="stmt"/>
        <line num="175" count="10" type="stmt"/>
        <line num="177" count="0" type="cond" truecount="0" falsecount="2"/>
        <line num="178" count="0" type="stmt"/>
        <line num="179" count="0" type="stmt"/>
        <line num="182" count="10" type="stmt"/>
        <line num="196" count="0" type="stmt"/>
        <line num="216" count="0" type="stmt"/>
        <line num="227" count="0" type="cond" truecount="0" falsecount="2"/>
        <line num="244" count="0" type="stmt"/>
        <line num="246" count="0" type="stmt"/>
        <line num="281" count="0" type="stmt"/>
        <line num="282" count="0" type="cond" truecount="0" falsecount="2"/>
        <line num="285" count="0" type="stmt"/>
        <line num="287" count="0" type="stmt"/>
        <line num="288" count="0" type="stmt"/>
        <line num="299" count="0" type="stmt"/>
        <line num="302" count="0" type="stmt"/>
        <line num="304" count="0" type="stmt"/>
        <line num="305" count="0" type="stmt"/>
        <line num="316" count="0" type="stmt"/>
        <line num="319" count="0" type="stmt"/>
        <line num="321" count="0" type="stmt"/>
        <line num="322" count="0" type="stmt"/>
        <line num="333" count="0" type="stmt"/>
        <line num="336" count="0" type="stmt"/>
        <line num="338" count="0" type="stmt"/>
        <line num="339" count="0" type="stmt"/>
        <line num="353" count="0" type="stmt"/>
        <line num="355" count="0" type="stmt"/>
        <line num="356" count="0" type="stmt"/>
        <line num="364" count="0" type="stmt"/>
        <line num="372" count="0" type="stmt"/>
        <line num="386" count="10" type="stmt"/>
        <line num="387" count="10" type="stmt"/>
        <line num="388" count="8" type="cond" truecount="1" falsecount="1"/>
        <line num="389" count="0" type="stmt"/>
        <line num="392" count="10" type="stmt"/>
        <line num="393" count="9" type="cond" truecount="4" falsecount="0"/>
        <line num="395" count="1" type="cond" truecount="1" falsecount="1"/>
        <line num="396" count="1" type="stmt"/>
        <line num="398" count="10" type="stmt"/>
      </file>
      <file name="changelog.ts" path="C:\Users\sfent\source\repos\FortniteFestivalLeaderboardScraper\FortniteFestivalWeb\src\changelog.ts">
        <metrics statements="8" coveredstatements="8" conditionals="0" coveredconditionals="0" methods="1" coveredmethods="1"/>
        <line num="12" count="2" type="stmt"/>
        <line num="74" count="8" type="stmt"/>
        <line num="75" count="8" type="stmt"/>
        <line num="76" count="8" type="stmt"/>
        <line num="77" count="16760" type="stmt"/>
        <line num="78" count="16760" type="stmt"/>
        <line num="79" count="16760" type="stmt"/>
        <line num="81" count="8" type="stmt"/>
      </file>
      <file name="routes.ts" path="C:\Users\sfent\source\repos\FortniteFestivalLeaderboardScraper\FortniteFestivalWeb\src\routes.ts">
        <metrics statements="6" coveredstatements="2" conditionals="0" coveredconditionals="0" methods="4" coveredmethods="0"/>
        <line num="2" count="1" type="stmt"/>
        <line num="4" count="0" type="stmt"/>
        <line num="5" count="0" type="stmt"/>
        <line num="6" count="0" type="stmt"/>
        <line num="7" count="0" type="stmt"/>
        <line num="14" count="1" type="stmt"/>
      </file>
    </package>
    <package name="src.api">
      <metrics statements="45" coveredstatements="40" conditionals="26" coveredconditionals="25" methods="24" coveredmethods="18"/>
      <file name="client.ts" path="C:\Users\sfent\source\repos\FortniteFestivalLeaderboardScraper\FortniteFestivalWeb\src\api\client.ts">
        <metrics statements="31" coveredstatements="31" conditionals="26" coveredconditionals="25" methods="13" coveredmethods="13"/>
        <line num="14" count="5" type="stmt"/>
        <line num="17" count="50" type="stmt"/>
        <line num="18" count="43" type="cond" truecount="2" falsecount="0"/>
        <line num="19" count="1" type="stmt"/>
        <line num="21" count="42" type="stmt"/>
        <line num="25" count="3" type="stmt"/>
        <line num="29" count="3" type="cond" truecount="2" falsecount="0"/>
        <line num="30" count="1" type="stmt"/>
        <line num="32" count="2" type="stmt"/>
        <line num="35" count="5" type="stmt"/>
        <line num="38" count="5" type="cond" truecount="2" falsecount="0"/>
        <line num="39" count="3" type="stmt"/>
        <line num="42" count="5" type="stmt"/>
        <line num="43" count="7" type="stmt"/>
        <line num="46" count="3" type="stmt"/>
        <line num="51" count="3" type="stmt"/>
        <line num="52" count="3" type="cond" truecount="2" falsecount="0"/>
        <line num="53" count="3" type="cond" truecount="2" falsecount="0"/>
        <line num="54" count="3" type="stmt"/>
        <line num="55" count="3" type="stmt"/>
        <line num="61" count="1" type="stmt"/>
        <line num="66" count="3" type="stmt"/>
        <line num="69" count="1" type="stmt"/>
        <line num="72" count="2" type="stmt"/>
        <line num="73" count="2" type="cond" truecount="2" falsecount="0"/>
        <line num="74" count="2" type="cond" truecount="2" falsecount="0"/>
        <line num="75" count="2" type="stmt"/>
        <line num="76" count="2" type="stmt"/>
        <line num="82" count="1" type="stmt"/>
        <line num="87" count="1" type="stmt"/>
        <line num="89" count="31" type="stmt"/>
      </file>
      <file name="pageCache.ts" path="C:\Users\sfent\source\repos\FortniteFestivalLeaderboardScraper\FortniteFestivalWeb\src\api\pageCache.ts">
        <metrics statements="4" coveredstatements="4" conditionals="0" coveredconditionals="0" methods="3" coveredmethods="2"/>
        <line num="25" count="3" type="stmt"/>
        <line num="28" count="27" type="stmt"/>
        <line num="40" count="3" type="stmt"/>
        <line num="43" count="20" type="stmt"/>
      </file>
      <file name="queryClient.ts" path="C:\Users\sfent\source\repos\FortniteFestivalLeaderboardScraper\FortniteFestivalWeb\src\api\queryClient.ts">
        <metrics statements="1" coveredstatements="1" conditionals="0" coveredconditionals="0" methods="0" coveredmethods="0"/>
        <line num="3" count="1" type="stmt"/>
      </file>
      <file name="queryKeys.ts" path="C:\Users\sfent\source\repos\FortniteFestivalLeaderboardScraper\FortniteFestivalWeb\src\api\queryKeys.ts">
        <metrics statements="9" coveredstatements="4" conditionals="0" coveredconditionals="0" methods="8" coveredmethods="3"/>
        <line num="6" count="15" type="stmt"/>
        <line num="7" count="302" type="stmt"/>
        <line num="9" count="294" type="stmt"/>
        <line num="11" count="6" type="stmt"/>
        <line num="12" count="0" type="stmt"/>
        <line num="14" count="0" type="stmt"/>
        <line num="16" count="0" type="stmt"/>
        <line num="17" count="0" type="stmt"/>
        <line num="18" count="0" type="stmt"/>
      </file>
    </package>
    <package name="src.components.common">
      <metrics statements="43" coveredstatements="42" conditionals="80" coveredconditionals="77" methods="21" coveredmethods="20"/>
      <file name="Accordion.tsx" path="C:\Users\sfent\source\repos\FortniteFestivalLeaderboardScraper\FortniteFestivalWeb\src\components\common\Accordion.tsx">
        <metrics statements="3" coveredstatements="3" conditionals="9" coveredconditionals="9" methods="3" coveredmethods="3"/>
        <line num="15" count="56" type="stmt"/>
        <line num="16" count="56" type="stmt"/>
        <line num="18" count="2" type="stmt"/>
      </file>
      <file name="ActionPill.module.css" path="C:\Users\sfent\source\repos\FortniteFestivalLeaderboardScraper\FortniteFestivalWeb\src\components\common\ActionPill.module.css">
        <metrics statements="0" coveredstatements="0" conditionals="0" coveredconditionals="0" methods="0" coveredmethods="0"/>
      </file>
      <file name="ActionPill.tsx" path="C:\Users\sfent\source\repos\FortniteFestivalLeaderboardScraper\FortniteFestivalWeb\src\components\common\ActionPill.tsx">
        <metrics statements="3" coveredstatements="3" conditionals="6" coveredconditionals="3" methods="1" coveredmethods="1"/>
        <line num="22" count="63" type="cond" truecount="1" falsecount="1"/>
        <line num="23" count="63" type="cond" truecount="1" falsecount="1"/>
        <line num="25" count="63" type="stmt"/>
      </file>
      <file name="ArcSpinner.module.css" path="C:\Users\sfent\source\repos\FortniteFestivalLeaderboardScraper\FortniteFestivalWeb\src\components\common\ArcSpinner.module.css">
        <metrics statements="0" coveredstatements="0" conditionals="0" coveredconditionals="0" methods="0" coveredmethods="0"/>
      </file>
      <file name="ArcSpinner.tsx" path="C:\Users\sfent\source\repos\FortniteFestivalLeaderboardScraper\FortniteFestivalWeb\src\components\common\ArcSpinner.tsx">
        <metrics statements="4" coveredstatements="4" conditionals="3" coveredconditionals="3" methods="1" coveredmethods="1"/>
        <line num="11" count="9" type="stmt"/>
        <line num="23" count="9" type="cond" truecount="1" falsecount="0"/>
        <line num="24" count="81" type="cond" truecount="2" falsecount="0"/>
        <line num="25" count="81" type="stmt"/>
      </file>
      <file name="InstrumentSelector.tsx" path="C:\Users\sfent\source\repos\FortniteFestivalLeaderboardScraper\FortniteFestivalWeb\src\components\common\InstrumentSelector.tsx">
        <metrics statements="15" coveredstatements="15" conditionals="26" coveredconditionals="26" methods="7" coveredmethods="7"/>
        <line num="43" count="14" type="stmt"/>
        <line num="45" count="14" type="cond" truecount="2" falsecount="0"/>
        <line num="46" count="14" type="cond" truecount="2" falsecount="0"/>
        <line num="47" count="14" type="cond" truecount="2" falsecount="0"/>
        <line num="48" count="14" type="cond" truecount="2" falsecount="0"/>
        <line num="50" count="14" type="stmt"/>
        <line num="54" count="4" type="stmt"/>
        <line num="55" count="3" type="stmt"/>
        <line num="56" count="3" type="stmt"/>
        <line num="59" count="14" type="stmt"/>
        <line num="64" count="2" type="stmt"/>
        <line num="70" count="1" type="stmt"/>
        <line num="76" count="27" type="stmt"/>
        <line num="77" count="27" type="stmt"/>
        <line num="81" count="3" type="cond" truecount="4" falsecount="0"/>
      </file>
      <file name="RadioRow.tsx" path="C:\Users\sfent\source\repos\FortniteFestivalLeaderboardScraper\FortniteFestivalWeb\src\components\common\RadioRow.tsx">
        <metrics statements="2" coveredstatements="2" conditionals="4" coveredconditionals="4" methods="1" coveredmethods="1"/>
        <line num="10" count="5" type="stmt"/>
        <line num="11" count="26" type="stmt"/>
      </file>
      <file name="SearchBar.module.css" path="C:\Users\sfent\source\repos\FortniteFestivalLeaderboardScraper\FortniteFestivalWeb\src\components\common\SearchBar.module.css">
        <metrics statements="0" coveredstatements="0" conditionals="0" coveredconditionals="0" methods="0" coveredmethods="0"/>
      </file>
      <file name="SearchBar.tsx" path="C:\Users\sfent\source\repos\FortniteFestivalLeaderboardScraper\FortniteFestivalWeb\src\components\common\SearchBar.tsx">
        <metrics statements="10" coveredstatements="10" conditionals="6" coveredconditionals="6" methods="6" coveredmethods="6"/>
        <line num="36" count="5" type="stmt"/>
        <line num="52" count="42" type="stmt"/>
        <line num="54" count="42" type="stmt"/>
        <line num="55" count="1" type="stmt"/>
        <line num="56" count="1" type="stmt"/>
        <line num="59" count="42" type="cond" truecount="2" falsecount="0"/>
        <line num="60" count="42" type="cond" truecount="2" falsecount="0"/>
        <line num="62" count="42" type="stmt"/>
        <line num="66" count="1" type="stmt"/>
        <line num="74" count="4" type="stmt"/>
      </file>
      <file name="SuspenseFallback.tsx" path="C:\Users\sfent\source\repos\FortniteFestivalLeaderboardScraper\FortniteFestivalWeb\src\components\common\SuspenseFallback.tsx">
        <metrics statements="1" coveredstatements="0" conditionals="0" coveredconditionals="0" methods="1" coveredmethods="0"/>
        <line num="9" count="0" type="stmt"/>
      </file>
      <file name="ToggleRow.tsx" path="C:\Users\sfent\source\repos\FortniteFestivalLeaderboardScraper\FortniteFestivalWeb\src\components\common\ToggleRow.tsx">
        <metrics statements="5" coveredstatements="5" conditionals="26" coveredconditionals="26" methods="1" coveredmethods="1"/>
        <line num="14" count="8" type="stmt"/>
        <line num="15" count="1054" type="cond" truecount="4" falsecount="0"/>
        <line num="16" count="1054" type="cond" truecount="6" falsecount="0"/>
        <line num="17" count="1054" type="cond" truecount="6" falsecount="0"/>
        <line num="19" count="1054" type="stmt"/>
      </file>
    </package>
    <package name="src.components.display">
      <metrics statements="14" coveredstatements="14" conditionals="11" coveredconditionals="11" methods="3" coveredmethods="3"/>
      <file name="InstrumentHeader.module.css" path="C:\Users\sfent\source\repos\FortniteFestivalLeaderboardScraper\FortniteFestivalWeb\src\components\display\InstrumentHeader.module.css">
        <metrics statements="0" coveredstatements="0" conditionals="0" coveredconditionals="0" methods="0" coveredmethods="0"/>
      </file>
      <file name="InstrumentHeader.tsx" path="C:\Users\sfent\source\repos\FortniteFestivalLeaderboardScraper\FortniteFestivalWeb\src\components\display\InstrumentHeader.tsx">
        <metrics statements="6" coveredstatements="6" conditionals="6" coveredconditionals="6" methods="1" coveredmethods="1"/>
        <line num="15" count="2" type="stmt"/>
        <line num="23" count="2" type="stmt"/>
        <line num="31" count="2" type="stmt"/>
        <line num="52" count="2" type="stmt"/>
        <line num="60" count="22" type="cond" truecount="2" falsecount="0"/>
        <line num="64" count="22" type="stmt"/>
      </file>
      <file name="InstrumentIcons.module.css" path="C:\Users\sfent\source\repos\FortniteFestivalLeaderboardScraper\FortniteFestivalWeb\src\components\display\InstrumentIcons.module.css">
        <metrics statements="0" coveredstatements="0" conditionals="0" coveredconditionals="0" methods="0" coveredmethods="0"/>
      </file>
      <file name="InstrumentIcons.tsx" path="C:\Users\sfent\source\repos\FortniteFestivalLeaderboardScraper\FortniteFestivalWeb\src\components\display\InstrumentIcons.tsx">
        <metrics statements="8" coveredstatements="8" conditionals="5" coveredconditionals="5" methods="2" coveredmethods="2"/>
        <line num="13" count="16" type="stmt"/>
        <line num="15" count="16" type="stmt"/>
        <line num="32" count="16" type="cond" truecount="1" falsecount="0"/>
        <line num="33" count="589" type="stmt"/>
        <line num="46" count="16" type="stmt"/>
        <line num="53" count="59" type="cond" truecount="2" falsecount="0"/>
        <line num="54" count="58" type="cond" truecount="2" falsecount="0"/>
        <line num="55" count="54" type="stmt"/>
      </file>
    </package>
    <package name="src.components.modals">
      <metrics statements="34" coveredstatements="34" conditionals="34" coveredconditionals="25" methods="22" coveredmethods="18"/>
      <file name="ChangelogModal.module.css" path="C:\Users\sfent\source\repos\FortniteFestivalLeaderboardScraper\FortniteFestivalWeb\src\components\modals\ChangelogModal.module.css">
        <metrics statements="0" coveredstatements="0" conditionals="0" coveredconditionals="0" methods="0" coveredmethods="0"/>
      </file>
      <file name="ChangelogModal.tsx" path="C:\Users\sfent\source\repos\FortniteFestivalLeaderboardScraper\FortniteFestivalWeb\src\components\modals\ChangelogModal.tsx">
        <metrics statements="17" coveredstatements="17" conditionals="10" coveredconditionals="8" methods="12" coveredmethods="10"/>
        <line num="8" count="2" type="stmt"/>
        <line num="11" count="13" type="stmt"/>
        <line num="12" count="13" type="stmt"/>
        <line num="14" count="13" type="stmt"/>
        <line num="15" count="10" type="stmt"/>
        <line num="16" count="10" type="stmt"/>
        <line num="19" count="13" type="stmt"/>
        <line num="20" count="10" type="cond" truecount="0" falsecount="2"/>
        <line num="21" count="10" type="stmt"/>
        <line num="22" count="10" type="stmt"/>
        <line num="25" count="13" type="stmt"/>
        <line num="26" count="13" type="stmt"/>
        <line num="28" count="13" type="stmt"/>
        <line num="41" count="1" type="stmt"/>
        <line num="52" count="13" type="stmt"/>
        <line num="54" count="65" type="cond" truecount="2" falsecount="0"/>
        <line num="58" count="364" type="stmt"/>
      </file>
      <file name="ConfirmAlert.module.css" path="C:\Users\sfent\source\repos\FortniteFestivalLeaderboardScraper\FortniteFestivalWeb\src\components\modals\ConfirmAlert.module.css">
        <metrics statements="0" coveredstatements="0" conditionals="0" coveredconditionals="0" methods="0" coveredmethods="0"/>
      </file>
      <file name="ConfirmAlert.tsx" path="C:\Users\sfent\source\repos\FortniteFestivalLeaderboardScraper\FortniteFestivalWeb\src\components\modals\ConfirmAlert.tsx">
        <metrics statements="12" coveredstatements="12" conditionals="14" coveredconditionals="7" methods="8" coveredmethods="7"/>
        <line num="5" count="10" type="stmt"/>
        <line num="18" count="7" type="stmt"/>
        <line num="19" count="7" type="stmt"/>
        <line num="21" count="7" type="stmt"/>
        <line num="22" count="7" type="stmt"/>
        <line num="23" count="7" type="stmt"/>
        <line num="26" count="7" type="stmt"/>
        <line num="27" count="7" type="cond" truecount="1" falsecount="1"/>
        <line num="28" count="7" type="stmt"/>
        <line num="29" count="7" type="stmt"/>
        <line num="32" count="7" type="stmt"/>
        <line num="45" count="4" type="stmt"/>
      </file>
      <file name="Modal.module.css" path="C:\Users\sfent\source\repos\FortniteFestivalLeaderboardScraper\FortniteFestivalWeb\src\components\modals\Modal.module.css">
        <metrics statements="0" coveredstatements="0" conditionals="0" coveredconditionals="0" methods="0" coveredmethods="0"/>
      </file>
      <file name="Modal.tsx" path="C:\Users\sfent\source\repos\FortniteFestivalLeaderboardScraper\FortniteFestivalWeb\src\components\modals\Modal.tsx">
        <metrics statements="5" coveredstatements="5" conditionals="10" coveredconditionals="10" methods="2" coveredmethods="1"/>
        <line num="26" count="315" type="stmt"/>
        <line num="27" count="315" type="stmt"/>
        <line num="28" count="315" type="stmt"/>
        <line num="29" count="315" type="stmt"/>
        <line num="31" count="315" type="stmt"/>
      </file>
    </package>
    <package name="src.components.modals.components">
      <metrics statements="35" coveredstatements="31" conditionals="33" coveredconditionals="22" methods="11" coveredmethods="8"/>
      <file name="BulkActions.tsx" path="C:\Users\sfent\source\repos\FortniteFestivalLeaderboardScraper\FortniteFestivalWeb\src\components\modals\components\BulkActions.tsx">
        <metrics statements="2" coveredstatements="2" conditionals="0" coveredconditionals="0" methods="1" coveredmethods="1"/>
        <line num="10" count="27" type="stmt"/>
        <line num="11" count="27" type="stmt"/>
      </file>
      <file name="ModalSection.tsx" path="C:\Users\sfent\source\repos\FortniteFestivalLeaderboardScraper\FortniteFestivalWeb\src\components\modals\components\ModalSection.tsx">
        <metrics statements="2" coveredstatements="2" conditionals="4" coveredconditionals="4" methods="1" coveredmethods="1"/>
        <line num="10" count="6" type="stmt"/>
        <line num="11" count="69" type="stmt"/>
      </file>
      <file name="ModalShell.tsx" path="C:\Users\sfent\source\repos\FortniteFestivalLeaderboardScraper\FortniteFestivalWeb\src\components\modals\components\ModalShell.tsx">
        <metrics statements="31" coveredstatements="27" conditionals="29" coveredconditionals="18" methods="9" coveredmethods="6"/>
        <line num="13" count="6" type="stmt"/>
        <line num="40" count="368" type="stmt"/>
        <line num="41" count="368" type="stmt"/>
        <line num="42" count="368" type="stmt"/>
        <line num="43" count="368" type="stmt"/>
        <line num="44" count="368" type="stmt"/>
        <line num="45" count="368" type="stmt"/>
        <line num="46" count="368" type="stmt"/>
        <line num="48" count="368" type="stmt"/>
        <line num="49" count="140" type="cond" truecount="2" falsecount="0"/>
        <line num="50" count="116" type="stmt"/>
        <line num="53" count="368" type="stmt"/>
        <line num="54" count="164" type="cond" truecount="4" falsecount="0"/>
        <line num="55" count="24" type="stmt"/>
        <line num="56" count="24" type="stmt"/>
        <line num="57" count="24" type="stmt"/>
        <line num="61" count="368" type="stmt"/>
        <line num="62" count="0" type="cond" truecount="0" falsecount="2"/>
        <line num="63" count="0" type="stmt"/>
        <line num="65" count="0" type="stmt"/>
        <line num="66" count="0" type="stmt"/>
        <line num="70" count="368" type="stmt"/>
        <line num="71" count="168" type="cond" truecount="2" falsecount="0"/>
        <line num="72" count="24" type="cond" truecount="0" falsecount="2"/>
        <line num="73" count="24" type="stmt"/>
        <line num="74" count="24" type="stmt"/>
        <line num="77" count="368" type="cond" truecount="2" falsecount="0"/>
        <line num="79" count="24" type="stmt"/>
        <line num="81" count="24" type="cond" truecount="1" falsecount="1"/>
        <line num="85" count="368" type="cond" truecount="3" falsecount="1"/>
        <line num="87" count="368" type="stmt"/>
      </file>
    </package>
    <package name="src.components.page">
      <metrics statements="17" coveredstatements="15" conditionals="23" coveredconditionals="18" methods="7" coveredmethods="4"/>
      <file name="ErrorBoundary.tsx" path="C:\Users\sfent\source\repos\FortniteFestivalLeaderboardScraper\FortniteFestivalWeb\src\components\page\ErrorBoundary.tsx">
        <metrics statements="6" coveredstatements="6" conditionals="4" coveredconditionals="4" methods="2" coveredmethods="2"/>
        <line num="17" count="5" type="stmt"/>
        <line num="20" count="4" type="stmt"/>
        <line num="30" count="9" type="cond" truecount="2" falsecount="0"/>
        <line num="31" count="4" type="cond" truecount="2" falsecount="0"/>
        <line num="32" count="2" type="stmt"/>
        <line num="63" count="5" type="stmt"/>
      </file>
      <file name="FadeIn.module.css" path="C:\Users\sfent\source\repos\FortniteFestivalLeaderboardScraper\FortniteFestivalWeb\src\components\page\FadeIn.module.css">
        <metrics statements="0" coveredstatements="0" conditionals="0" coveredconditionals="0" methods="0" coveredmethods="0"/>
      </file>
      <file name="FadeIn.tsx" path="C:\Users\sfent\source\repos\FortniteFestivalLeaderboardScraper\FortniteFestivalWeb\src\components\page\FadeIn.tsx">
        <metrics statements="6" coveredstatements="6" conditionals="8" coveredconditionals="8" methods="2" coveredmethods="1"/>
        <line num="37" count="714" type="stmt"/>
        <line num="45" count="714" type="cond" truecount="2" falsecount="0"/>
        <line num="47" count="714" type="cond" truecount="2" falsecount="0"/>
        <line num="49" count="389" type="cond" truecount="2" falsecount="0"/>
        <line num="51" count="387" type="stmt"/>
        <line num="63" count="5" type="stmt"/>
      </file>
      <file name="RouteErrorFallback.tsx" path="C:\Users\sfent\source\repos\FortniteFestivalLeaderboardScraper\FortniteFestivalWeb\src\components\page\RouteErrorFallback.tsx">
        <metrics statements="2" coveredstatements="0" conditionals="0" coveredconditionals="0" methods="2" coveredmethods="0"/>
        <line num="8" count="0" type="stmt"/>
        <line num="43" count="0" type="stmt"/>
      </file>
      <file name="SyncBanner.module.css" path="C:\Users\sfent\source\repos\FortniteFestivalLeaderboardScraper\FortniteFestivalWeb\src\components\page\SyncBanner.module.css">
        <metrics statements="0" coveredstatements="0" conditionals="0" coveredconditionals="0" methods="0" coveredmethods="0"/>
      </file>
      <file name="SyncBanner.tsx" path="C:\Users\sfent\source\repos\FortniteFestivalLeaderboardScraper\FortniteFestivalWeb\src\components\page\SyncBanner.tsx">
        <metrics statements="3" coveredstatements="3" conditionals="11" coveredconditionals="6" methods="1" coveredmethods="1"/>
        <line num="17" count="2" type="stmt"/>
        <line num="18" count="1" type="stmt"/>
        <line num="20" count="1" type="stmt"/>
      </file>
    </package>
    <package name="src.components.player">
      <metrics statements="89" coveredstatements="89" conditionals="66" coveredconditionals="59" methods="27" coveredmethods="22"/>
      <file name="PlayerContent.tsx" path="C:\Users\sfent\source\repos\FortniteFestivalLeaderboardScraper\FortniteFestivalWeb\src\components\player\PlayerContent.tsx">
        <metrics statements="71" coveredstatements="71" conditionals="45" coveredconditionals="40" methods="19" coveredmethods="14"/>
        <line num="52" count="12" type="stmt"/>
        <line num="53" count="12" type="stmt"/>
        <line num="54" count="12" type="stmt"/>
        <line num="55" count="12" type="stmt"/>
        <line num="56" count="12" type="stmt"/>
        <line num="57" count="12" type="stmt"/>
        <line num="58" count="12" type="stmt"/>
        <line num="59" count="12" type="stmt"/>
        <line num="60" count="12" type="stmt"/>
        <line num="63" count="12" type="stmt"/>
        <line num="64" count="6" type="cond" truecount="1" falsecount="1"/>
        <line num="70" count="6" type="stmt"/>
        <line num="82" count="6" type="stmt"/>
        <line num="86" count="12" type="stmt"/>
        <line num="100" count="12" type="stmt"/>
        <line num="101" count="9" type="stmt"/>
        <line num="102" count="6" type="stmt"/>
        <line num="105" count="12" type="stmt"/>
        <line num="106" count="36" type="stmt"/>
        <line num="110" count="12" type="stmt"/>
        <line num="111" count="12" type="stmt"/>
        <line num="112" count="12" type="stmt"/>
        <line num="115" count="12" type="stmt"/>
        <line num="125" count="12" type="stmt"/>
        <line num="133" count="12" type="stmt"/>
        <line num="135" count="12" type="stmt"/>
        <line num="141" count="12" type="cond" truecount="2" falsecount="0"/>
        <line num="142" count="2" type="stmt"/>
        <line num="158" count="12" type="stmt"/>
        <line num="161" count="12" type="stmt"/>
        <line num="171" count="12" type="stmt"/>
        <line num="172" count="72" type="stmt"/>
        <line num="173" count="72" type="cond" truecount="4" falsecount="0"/>
        <line num="174" count="18" type="stmt"/>
        <line num="178" count="12" type="stmt"/>
        <line num="188" count="12" type="stmt"/>
        <line num="189" count="72" type="stmt"/>
        <line num="190" count="72" type="cond" truecount="4" falsecount="0"/>
        <line num="191" count="18" type="stmt"/>
        <line num="195" count="12" type="stmt"/>
        <line num="196" count="12" type="stmt"/>
        <line num="198" count="12" type="stmt"/>
        <line num="201" count="12" type="cond" truecount="4" falsecount="0"/>
        <line num="202" count="12" type="cond" truecount="3" falsecount="0"/>
        <line num="204" count="12" type="stmt"/>
        <line num="246" count="12" type="cond" truecount="1" falsecount="1"/>
        <line num="247" count="12" type="stmt"/>
        <line num="248" count="12" type="stmt"/>
        <line num="249" count="12" type="stmt"/>
        <line num="250" count="12" type="stmt"/>
        <line num="251" count="12" type="stmt"/>
        <line num="253" count="12" type="stmt"/>
        <line num="254" count="286" type="stmt"/>
        <line num="255" count="286" type="cond" truecount="2" falsecount="0"/>
        <line num="257" count="98" type="cond" truecount="2" falsecount="0"/>
        <line num="258" count="28" type="stmt"/>
        <line num="259" count="28" type="stmt"/>
        <line num="260" count="28" type="stmt"/>
        <line num="262" count="98" type="stmt"/>
        <line num="264" count="188" type="stmt"/>
        <line num="265" count="188" type="stmt"/>
        <line num="266" count="188" type="cond" truecount="2" falsecount="0"/>
        <line num="267" count="80" type="stmt"/>
        <line num="268" count="80" type="stmt"/>
        <line num="269" count="80" type="stmt"/>
        <line num="272" count="286" type="cond" truecount="4" falsecount="0"/>
        <line num="273" count="10" type="stmt"/>
        <line num="277" count="12" type="stmt"/>
        <line num="278" count="12" type="stmt"/>
        <line num="279" count="286" type="cond" truecount="4" falsecount="0"/>
        <line num="280" count="286" type="stmt"/>
      </file>
      <file name="PlayerPage.module.css" path="C:\Users\sfent\source\repos\FortniteFestivalLeaderboardScraper\FortniteFestivalWeb\src\components\player\PlayerPage.module.css">
        <metrics statements="0" coveredstatements="0" conditionals="0" coveredconditionals="0" methods="0" coveredmethods="0"/>
      </file>
      <file name="PlayerPercentileTable.module.css" path="C:\Users\sfent\source\repos\FortniteFestivalLeaderboardScraper\FortniteFestivalWeb\src\components\player\PlayerPercentileTable.module.css">
        <metrics statements="0" coveredstatements="0" conditionals="0" coveredconditionals="0" methods="0" coveredmethods="0"/>
      </file>
      <file name="PlayerPercentileTable.tsx" path="C:\Users\sfent\source\repos\FortniteFestivalLeaderboardScraper\FortniteFestivalWeb\src\components\player\PlayerPercentileTable.tsx">
        <metrics statements="4" coveredstatements="4" conditionals="2" coveredconditionals="1" methods="2" coveredmethods="2"/>
        <line num="5" count="1" type="stmt"/>
        <line num="12" count="9" type="stmt"/>
        <line num="20" count="1" type="stmt"/>
        <line num="31" count="18" type="stmt"/>
      </file>
      <file name="PlayerSearchBar.module.css" path="C:\Users\sfent\source\repos\FortniteFestivalLeaderboardScraper\FortniteFestivalWeb\src\components\player\PlayerSearchBar.module.css">
        <metrics statements="0" coveredstatements="0" conditionals="0" coveredconditionals="0" methods="0" coveredmethods="0"/>
      </file>
      <file name="PlayerSearchBar.tsx" path="C:\Users\sfent\source\repos\FortniteFestivalLeaderboardScraper\FortniteFestivalWeb\src\components\player\PlayerSearchBar.tsx">
        <metrics statements="8" coveredstatements="8" conditionals="9" coveredconditionals="8" methods="4" coveredmethods="4"/>
        <line num="37" count="16" type="stmt"/>
        <line num="38" count="16" type="stmt"/>
        <line num="39" count="1" type="stmt"/>
        <line num="43" count="16" type="stmt"/>
        <line num="45" count="16" type="cond" truecount="2" falsecount="0"/>
        <line num="47" count="16" type="stmt"/>
        <line num="63" count="2" type="stmt"/>
        <line num="66" count="1" type="stmt"/>
      </file>
      <file name="SelectProfilePill.module.css" path="C:\Users\sfent\source\repos\FortniteFestivalLeaderboardScraper\FortniteFestivalWeb\src\components\player\SelectProfilePill.module.css">
        <metrics statements="0" coveredstatements="0" conditionals="0" coveredconditionals="0" methods="0" coveredmethods="0"/>
      </file>
      <file name="SelectProfilePill.tsx" path="C:\Users\sfent\source\repos\FortniteFestivalLeaderboardScraper\FortniteFestivalWeb\src\components\player\SelectProfilePill.tsx">
        <metrics statements="2" coveredstatements="2" conditionals="6" coveredconditionals="6" methods="1" coveredmethods="1"/>
        <line num="16" count="12" type="stmt"/>
        <line num="18" count="12" type="stmt"/>
      </file>
      <file name="StatBox.module.css" path="C:\Users\sfent\source\repos\FortniteFestivalLeaderboardScraper\FortniteFestivalWeb\src\components\player\StatBox.module.css">
        <metrics statements="0" coveredstatements="0" conditionals="0" coveredconditionals="0" methods="0" coveredmethods="0"/>
      </file>
      <file name="StatBox.tsx" path="C:\Users\sfent\source\repos\FortniteFestivalLeaderboardScraper\FortniteFestivalWeb\src\components\player\StatBox.tsx">
        <metrics statements="4" coveredstatements="4" conditionals="4" coveredconditionals="4" methods="1" coveredmethods="1"/>
        <line num="11" count="4" type="stmt"/>
        <line num="13" count="437" type="stmt"/>
        <line num="18" count="437" type="cond" truecount="2" falsecount="0"/>
        <line num="26" count="101" type="stmt"/>
      </file>
    </package>
    <package name="src.components.shell">
      <metrics statements="85" coveredstatements="34" conditionals="38" coveredconditionals="9" methods="27" coveredmethods="10"/>
      <file name="AnimatedBackground.module.css" path="C:\Users\sfent\source\repos\FortniteFestivalLeaderboardScraper\FortniteFestivalWeb\src\components\shell\AnimatedBackground.module.css">
        <metrics statements="0" coveredstatements="0" conditionals="0" coveredconditionals="0" methods="0" coveredmethods="0"/>
      </file>
      <file name="AnimatedBackground.tsx" path="C:\Users\sfent\source\repos\FortniteFestivalLeaderboardScraper\FortniteFestivalWeb\src\components\shell\AnimatedBackground.tsx">
        <metrics statements="85" coveredstatements="34" conditionals="38" coveredconditionals="9" methods="27" coveredmethods="10"/>
        <line num="5" count="1" type="stmt"/>
        <line num="6" count="1" type="stmt"/>
        <line num="7" count="1" type="stmt"/>
        <line num="16" count="1" type="stmt"/>
        <line num="30" count="0" type="stmt"/>
        <line num="35" count="0" type="cond" truecount="0" falsecount="2"/>
        <line num="36" count="0" type="stmt"/>
        <line num="37" count="0" type="stmt"/>
        <line num="38" count="0" type="stmt"/>
        <line num="55" count="10" type="stmt"/>
        <line num="56" count="8" type="stmt"/>
        <line num="59" count="10" type="stmt"/>
        <line num="60" count="8" type="stmt"/>
        <line num="61" count="7" type="stmt"/>
        <line num="62" count="7" type="stmt"/>
        <line num="63" count="8" type="cond" truecount="1" falsecount="1"/>
        <line num="64" count="0" type="stmt"/>
        <line num="65" count="0" type="stmt"/>
        <line num="69" count="10" type="stmt"/>
        <line num="70" count="10" type="stmt"/>
        <line num="71" count="10" type="stmt"/>
        <line num="72" count="10" type="stmt"/>
        <line num="74" count="10" type="stmt"/>
        <line num="75" count="10" type="stmt"/>
        <line num="76" count="10" type="stmt"/>
        <line num="77" count="10" type="stmt"/>
        <line num="78" count="10" type="stmt"/>
        <line num="81" count="10" type="stmt"/>
        <line num="82" count="8" type="cond" truecount="1" falsecount="1"/>
        <line num="83" count="0" type="stmt"/>
        <line num="84" count="0" type="cond" truecount="0" falsecount="2"/>
        <line num="85" count="8" type="stmt"/>
        <line num="86" count="8" type="stmt"/>
        <line num="87" count="8" type="stmt"/>
        <line num="88" count="8" type="stmt"/>
        <line num="92" count="10" type="stmt"/>
        <line num="93" count="8" type="cond" truecount="1" falsecount="1"/>
        <line num="94" count="0" type="stmt"/>
        <line num="97" count="10" type="stmt"/>
        <line num="98" count="0" type="cond" truecount="0" falsecount="2"/>
        <line num="100" count="0" type="cond" truecount="0" falsecount="2"/>
        <line num="102" count="0" type="stmt"/>
        <line num="103" count="0" type="stmt"/>
        <line num="104" count="0" type="stmt"/>
        <line num="105" count="0" type="stmt"/>
        <line num="107" count="0" type="stmt"/>
        <line num="108" count="0" type="stmt"/>
        <line num="109" count="0" type="stmt"/>
        <line num="110" count="0" type="stmt"/>
        <line num="113" count="0" type="stmt"/>
        <line num="114" count="0" type="stmt"/>
        <line num="115" count="0" type="stmt"/>
        <line num="116" count="0" type="stmt"/>
        <line num="117" count="0" type="stmt"/>
        <line num="118" count="0" type="stmt"/>
        <line num="119" count="0" type="stmt"/>
        <line num="120" count="0" type="stmt"/>
        <line num="126" count="10" type="stmt"/>
        <line num="127" count="8" type="cond" truecount="1" falsecount="1"/>
        <line num="128" count="0" type="stmt"/>
        <line num="130" count="0" type="stmt"/>
        <line num="131" count="0" type="cond" truecount="0" falsecount="2"/>
        <line num="133" count="0" type="stmt"/>
        <line num="134" count="0" type="cond" truecount="0" falsecount="2"/>
        <line num="136" count="0" type="stmt"/>
        <line num="137" count="0" type="stmt"/>
        <line num="139" count="0" type="stmt"/>
        <line num="140" count="0" type="cond" truecount="0" falsecount="2"/>
        <line num="141" count="0" type="stmt"/>
        <line num="144" count="0" type="stmt"/>
        <line num="145" count="0" type="stmt"/>
        <line num="146" count="0" type="stmt"/>
        <line num="150" count="0" type="cond" truecount="0" falsecount="2"/>
        <line num="151" count="0" type="stmt"/>
        <line num="153" count="0" type="stmt"/>
        <line num="154" count="0" type="stmt"/>
        <line num="155" count="0" type="stmt"/>
        <line num="160" count="10" type="stmt"/>
        <line num="161" count="8" type="cond" truecount="2" falsecount="2"/>
        <line num="162" count="0" type="stmt"/>
        <line num="166" count="10" type="cond" truecount="1" falsecount="1"/>
        <line num="167" count="0" type="stmt"/>
        <line num="168" count="0" type="stmt"/>
        <line num="169" count="0" type="cond" truecount="0" falsecount="2"/>
        <line num="171" count="0" type="stmt"/>
      </file>
    </package>
    <package name="src.components.shell.desktop">
      <metrics statements="43" coveredstatements="36" conditionals="48" coveredconditionals="29" methods="23" coveredmethods="14"/>
      <file name="DesktopNav.tsx" path="C:\Users\sfent\source\repos\FortniteFestivalLeaderboardScraper\FortniteFestivalWeb\src\components\shell\desktop\DesktopNav.tsx">
        <metrics statements="3" coveredstatements="3" conditionals="0" coveredconditionals="0" methods="2" coveredmethods="1"/>
        <line num="16" count="3" type="stmt"/>
        <line num="17" count="3" type="stmt"/>
        <line num="23" count="3" type="stmt"/>
      </file>
      <file name="HamburgerButton.tsx" path="C:\Users\sfent\source\repos\FortniteFestivalLeaderboardScraper\FortniteFestivalWeb\src\components\shell\desktop\HamburgerButton.tsx">
        <metrics statements="2" coveredstatements="2" conditionals="0" coveredconditionals="0" methods="1" coveredmethods="1"/>
        <line num="11" count="6" type="stmt"/>
        <line num="12" count="6" type="stmt"/>
      </file>
      <file name="HeaderProfileButton.tsx" path="C:\Users\sfent\source\repos\FortniteFestivalLeaderboardScraper\FortniteFestivalWeb\src\components\shell\desktop\HeaderProfileButton.tsx">
        <metrics statements="2" coveredstatements="2" conditionals="6" coveredconditionals="6" methods="1" coveredmethods="1"/>
        <line num="12" count="6" type="stmt"/>
        <line num="13" count="6" type="stmt"/>
      </file>
      <file name="HeaderSearch.module.css" path="C:\Users\sfent\source\repos\FortniteFestivalLeaderboardScraper\FortniteFestivalWeb\src\components\shell\desktop\HeaderSearch.module.css">
        <metrics statements="0" coveredstatements="0" conditionals="0" coveredconditionals="0" methods="0" coveredmethods="0"/>
      </file>
      <file name="HeaderSearch.tsx" path="C:\Users\sfent\source\repos\FortniteFestivalLeaderboardScraper\FortniteFestivalWeb\src\components\shell\desktop\HeaderSearch.tsx">
        <metrics statements="10" coveredstatements="5" conditionals="8" coveredconditionals="1" methods="6" coveredmethods="1"/>
        <line num="13" count="10" type="stmt"/>
        <line num="14" count="10" type="stmt"/>
        <line num="16" count="10" type="stmt"/>
        <line num="17" count="0" type="stmt"/>
        <line num="20" count="10" type="stmt"/>
        <line num="22" count="10" type="stmt"/>
        <line num="31" count="0" type="cond" truecount="0" falsecount="4"/>
        <line num="36" count="0" type="stmt"/>
        <line num="39" count="0" type="stmt"/>
        <line num="40" count="0" type="stmt"/>
      </file>
      <file name="Sidebar.module.css" path="C:\Users\sfent\source\repos\FortniteFestivalLeaderboardScraper\FortniteFestivalWeb\src\components\shell\desktop\Sidebar.module.css">
        <metrics statements="0" coveredstatements="0" conditionals="0" coveredconditionals="0" methods="0" coveredmethods="0"/>
      </file>
      <file name="Sidebar.tsx" path="C:\Users\sfent\source\repos\FortniteFestivalLeaderboardScraper\FortniteFestivalWeb\src\components\shell\desktop\Sidebar.tsx">
        <metrics statements="26" coveredstatements="24" conditionals="34" coveredconditionals="22" methods="13" coveredmethods="10"/>
        <line num="8" count="2" type="stmt"/>
        <line num="19" count="23" type="stmt"/>
        <line num="20" count="23" type="stmt"/>
        <line num="21" count="23" type="stmt"/>
        <line num="22" count="23" type="stmt"/>
        <line num="24" count="23" type="stmt"/>
        <line num="25" count="15" type="cond" truecount="2" falsecount="0"/>
        <line num="26" count="9" type="stmt"/>
        <line num="29" count="23" type="stmt"/>
        <line num="30" count="21" type="cond" truecount="4" falsecount="0"/>
        <line num="31" count="6" type="stmt"/>
        <line num="32" count="6" type="stmt"/>
        <line num="33" count="6" type="stmt"/>
        <line num="37" count="23" type="stmt"/>
        <line num="38" count="0" type="cond" truecount="0" falsecount="2"/>
        <line num="41" count="23" type="stmt"/>
        <line num="42" count="23" type="cond" truecount="2" falsecount="0"/>
        <line num="44" count="0" type="cond" truecount="0" falsecount="4"/>
        <line num="46" count="6" type="stmt"/>
        <line num="47" count="6" type="stmt"/>
        <line num="50" count="23" type="cond" truecount="2" falsecount="0"/>
        <line num="52" count="6" type="stmt"/>
        <line num="69" count="6" type="cond" truecount="1" falsecount="1"/>
        <line num="73" count="2" type="cond" truecount="1" falsecount="1"/>
        <line num="78" count="2" type="cond" truecount="1" falsecount="1"/>
        <line num="100" count="6" type="cond" truecount="1" falsecount="1"/>
      </file>
    </package>
    <package name="src.components.shell.fab">
      <metrics statements="45" coveredstatements="34" conditionals="44" coveredconditionals="25" methods="23" coveredmethods="8"/>
      <file name="FABMenu.module.css" path="C:\Users\sfent\source\repos\FortniteFestivalLeaderboardScraper\FortniteFestivalWeb\src\components\shell\fab\FABMenu.module.css">
        <metrics statements="0" coveredstatements="0" conditionals="0" coveredconditionals="0" methods="0" coveredmethods="0"/>
      </file>
      <file name="FABMenu.tsx" path="C:\Users\sfent\source\repos\FortniteFestivalLeaderboardScraper\FortniteFestivalWeb\src\components\shell\fab\FABMenu.tsx">
        <metrics statements="4" coveredstatements="2" conditionals="8" coveredconditionals="3" methods="4" coveredmethods="1"/>
        <line num="15" count="2" type="stmt"/>
        <line num="16" count="1" type="stmt"/>
        <line num="28" count="0" type="stmt"/>
        <line num="31" count="0" type="stmt"/>
      </file>
      <file name="FloatingActionButton.module.css" path="C:\Users\sfent\source\repos\FortniteFestivalLeaderboardScraper\FortniteFestivalWeb\src\components\shell\fab\FloatingActionButton.module.css">
        <metrics statements="0" coveredstatements="0" conditionals="0" coveredconditionals="0" methods="0" coveredmethods="0"/>
      </file>
      <file name="FloatingActionButton.tsx" path="C:\Users\sfent\source\repos\FortniteFestivalLeaderboardScraper\FortniteFestivalWeb\src\components\shell\fab\FloatingActionButton.tsx">
        <metrics statements="27" coveredstatements="19" conditionals="24" coveredconditionals="15" methods="12" coveredmethods="6"/>
        <line num="34" count="7" type="stmt"/>
        <line num="35" count="7" type="stmt"/>
        <line num="36" count="7" type="stmt"/>
        <line num="37" count="7" type="stmt"/>
        <line num="38" count="7" type="stmt"/>
        <line num="40" count="7" type="stmt"/>
        <line num="41" count="1" type="stmt"/>
        <line num="42" count="1" type="stmt"/>
        <line num="43" count="1" type="stmt"/>
        <line num="46" count="7" type="stmt"/>
        <line num="47" count="0" type="stmt"/>
        <line num="48" count="0" type="stmt"/>
        <line num="49" count="0" type="stmt"/>
        <line num="52" count="7" type="stmt"/>
        <line num="54" count="7" type="stmt"/>
        <line num="56" count="7" type="stmt"/>
        <line num="57" count="7" type="cond" truecount="2" falsecount="0"/>
        <line num="58" count="1" type="stmt"/>
        <line num="59" count="0" type="cond" truecount="0" falsecount="4"/>
        <line num="60" count="0" type="stmt"/>
        <line num="61" count="0" type="stmt"/>
        <line num="64" count="1" type="stmt"/>
        <line num="65" count="1" type="stmt"/>
        <line num="68" count="7" type="stmt"/>
        <line num="76" count="0" type="cond" truecount="0" falsecount="2"/>
        <line num="88" count="1" type="cond" truecount="1" falsecount="1"/>
        <line num="97" count="0" type="stmt"/>
      </file>
      <file name="MobileFabController.tsx" path="C:\Users\sfent\source\repos\FortniteFestivalLeaderboardScraper\FortniteFestivalWeb\src\components\shell\fab\MobileFabController.tsx">
        <metrics statements="14" coveredstatements="13" conditionals="12" coveredconditionals="7" methods="7" coveredmethods="1"/>
        <line num="18" count="2" type="stmt"/>
        <line num="19" count="2" type="stmt"/>
        <line num="20" count="2" type="stmt"/>
        <line num="21" count="2" type="stmt"/>
        <line num="22" count="2" type="stmt"/>
        <line num="23" count="2" type="stmt"/>
        <line num="24" count="2" type="stmt"/>
        <line num="26" count="2" type="stmt"/>
        <line num="29" count="0" type="stmt"/>
        <line num="33" count="2" type="cond" truecount="1" falsecount="1"/>
        <line num="55" count="2" type="cond" truecount="1" falsecount="1"/>
        <line num="72" count="2" type="cond" truecount="1" falsecount="1"/>
        <line num="89" count="2" type="cond" truecount="1" falsecount="1"/>
        <line num="107" count="2" type="stmt"/>
      </file>
    </package>
    <package name="src.components.shell.mobile">
      <metrics statements="70" coveredstatements="43" conditionals="86" coveredconditionals="52" methods="25" coveredmethods="8"/>
      <file name="BackLink.module.css" path="C:\Users\sfent\source\repos\FortniteFestivalLeaderboardScraper\FortniteFestivalWeb\src\components\shell\mobile\BackLink.module.css">
        <metrics statements="0" coveredstatements="0" conditionals="0" coveredconditionals="0" methods="0" coveredmethods="0"/>
      </file>
      <file name="BackLink.tsx" path="C:\Users\sfent\source\repos\FortniteFestivalLeaderboardScraper\FortniteFestivalWeb\src\components\shell\mobile\BackLink.tsx">
        <metrics statements="6" coveredstatements="6" conditionals="5" coveredconditionals="5" methods="2" coveredmethods="1"/>
        <line num="8" count="3" type="stmt"/>
        <line num="9" count="3" type="stmt"/>
        <line num="10" count="3" type="stmt"/>
        <line num="11" count="3" type="cond" truecount="2" falsecount="0"/>
        <line num="15" count="3" type="stmt"/>
        <line num="22" count="3" type="stmt"/>
      </file>
      <file name="BottomNav.module.css" path="C:\Users\sfent\source\repos\FortniteFestivalLeaderboardScraper\FortniteFestivalWeb\src\components\shell\mobile\BottomNav.module.css">
        <metrics statements="0" coveredstatements="0" conditionals="0" coveredconditionals="0" methods="0" coveredmethods="0"/>
      </file>
      <file name="BottomNav.tsx" path="C:\Users\sfent\source\repos\FortniteFestivalLeaderboardScraper\FortniteFestivalWeb\src\components\shell\mobile\BottomNav.tsx">
        <metrics statements="5" coveredstatements="5" conditionals="8" coveredconditionals="7" methods="3" coveredmethods="3"/>
        <line num="14" count="3" type="stmt"/>
        <line num="15" count="3" type="stmt"/>
        <line num="22" count="3" type="stmt"/>
        <line num="25" count="8" type="stmt"/>
        <line num="27" count="1" type="stmt"/>
      </file>
      <file name="MobileHeader.tsx" path="C:\Users\sfent\source\repos\FortniteFestivalLeaderboardScraper\FortniteFestivalWeb\src\components\shell\mobile\MobileHeader.tsx">
        <metrics statements="6" coveredstatements="6" conditionals="11" coveredconditionals="8" methods="1" coveredmethods="1"/>
        <line num="28" count="3" type="stmt"/>
        <line num="30" count="3" type="cond" truecount="2" falsecount="0"/>
        <line num="31" count="1" type="stmt"/>
        <line num="54" count="2" type="cond" truecount="2" falsecount="0"/>
        <line num="55" count="1" type="stmt"/>
        <line num="58" count="1" type="stmt"/>
      </file>
      <file name="MobilePlayerSearchModal.module.css" path="C:\Users\sfent\source\repos\FortniteFestivalLeaderboardScraper\FortniteFestivalWeb\src\components\shell\mobile\MobilePlayerSearchModal.module.css">
        <metrics statements="0" coveredstatements="0" conditionals="0" coveredconditionals="0" methods="0" coveredmethods="0"/>
      </file>
      <file name="MobilePlayerSearchModal.tsx" path="C:\Users\sfent\source\repos\FortniteFestivalLeaderboardScraper\FortniteFestivalWeb\src\components\shell\mobile\MobilePlayerSearchModal.tsx">
        <metrics statements="53" coveredstatements="26" conditionals="62" coveredconditionals="32" methods="19" coveredmethods="3"/>
        <line num="12" count="2" type="stmt"/>
        <line num="27" count="25" type="stmt"/>
        <line num="28" count="25" type="cond" truecount="2" falsecount="0"/>
        <line num="29" count="25" type="stmt"/>
        <line num="30" count="25" type="stmt"/>
        <line num="31" count="25" type="stmt"/>
        <line num="32" count="25" type="stmt"/>
        <line num="33" count="25" type="stmt"/>
        <line num="34" count="25" type="stmt"/>
        <line num="35" count="25" type="stmt"/>
        <line num="36" count="25" type="stmt"/>
        <line num="37" count="25" type="stmt"/>
        <line num="38" count="25" type="stmt"/>
        <line num="39" count="25" type="stmt"/>
        <line num="41" count="25" type="stmt"/>
        <line num="42" count="0" type="stmt"/>
        <line num="43" count="0" type="stmt"/>
        <line num="46" count="25" type="stmt"/>
        <line num="47" count="0" type="stmt"/>
        <line num="48" count="0" type="stmt"/>
        <line num="49" count="0" type="stmt"/>
        <line num="50" count="0" type="stmt"/>
        <line num="51" count="0" type="stmt"/>
        <line num="52" count="0" type="stmt"/>
        <line num="53" count="0" type="stmt"/>
        <line num="54" count="0" type="stmt"/>
        <line num="57" count="25" type="stmt"/>
        <line num="58" count="21" type="cond" truecount="4" falsecount="2"/>
        <line num="59" count="0" type="stmt"/>
        <line num="62" count="25" type="stmt"/>
        <line num="63" count="0" type="cond" truecount="0" falsecount="5"/>
        <line num="66" count="25" type="stmt"/>
        <line num="67" count="0" type="cond" truecount="0" falsecount="2"/>
        <line num="68" count="0" type="stmt"/>
        <line num="69" count="0" type="stmt"/>
        <line num="70" count="0" type="stmt"/>
        <line num="71" count="0" type="stmt"/>
        <line num="74" count="25" type="stmt"/>
        <line num="75" count="0" type="stmt"/>
        <line num="76" count="0" type="cond" truecount="0" falsecount="4"/>
        <line num="77" count="0" type="cond" truecount="0" falsecount="2"/>
        <line num="78" count="0" type="stmt"/>
        <line num="79" count="0" type="stmt"/>
        <line num="82" count="25" type="stmt"/>
        <line num="84" count="25" type="stmt"/>
        <line num="85" count="0" type="cond" truecount="0" falsecount="2"/>
        <line num="86" count="0" type="stmt"/>
        <line num="87" count="0" type="stmt"/>
        <line num="90" count="25" type="stmt"/>
        <line num="91" count="52" type="cond" truecount="1" falsecount="1"/>
        <line num="95" count="25" type="stmt"/>
        <line num="121" count="0" type="cond" truecount="0" falsecount="2"/>
        <line num="131" count="0" type="stmt"/>
      </file>
    </package>
    <package name="src.components.songs.headers">
      <metrics statements="6" coveredstatements="6" conditionals="37" coveredconditionals="23" methods="1" coveredmethods="1"/>
      <file name="SongInfoHeader.module.css" path="C:\Users\sfent\source\repos\FortniteFestivalLeaderboardScraper\FortniteFestivalWeb\src\components\songs\headers\SongInfoHeader.module.css">
        <metrics statements="0" coveredstatements="0" conditionals="0" coveredconditionals="0" methods="0" coveredmethods="0"/>
      </file>
      <file name="SongInfoHeader.tsx" path="C:\Users\sfent\source\repos\FortniteFestivalLeaderboardScraper\FortniteFestivalWeb\src\components\songs\headers\SongInfoHeader.tsx">
        <metrics statements="6" coveredstatements="6" conditionals="37" coveredconditionals="23" methods="1" coveredmethods="1"/>
        <line num="36" count="148" type="stmt"/>
        <line num="37" count="148" type="cond" truecount="1" falsecount="1"/>
        <line num="38" count="148" type="cond" truecount="1" falsecount="1"/>
        <line num="39" count="148" type="cond" truecount="1" falsecount="1"/>
        <line num="40" count="148" type="cond" truecount="1" falsecount="1"/>
        <line num="42" count="148" type="stmt"/>
      </file>
    </package>
    <package name="src.components.songs.metadata">
      <metrics statements="45" coveredstatements="45" conditionals="43" coveredconditionals="40" methods="11" coveredmethods="11"/>
      <file name="AccuracyDisplay.module.css" path="C:\Users\sfent\source\repos\FortniteFestivalLeaderboardScraper\FortniteFestivalWeb\src\components\songs\metadata\AccuracyDisplay.module.css">
        <metrics statements="0" coveredstatements="0" conditionals="0" coveredconditionals="0" methods="0" coveredmethods="0"/>
      </file>
      <file name="AccuracyDisplay.tsx" path="C:\Users\sfent\source\repos\FortniteFestivalLeaderboardScraper\FortniteFestivalWeb\src\components\songs\metadata\AccuracyDisplay.tsx">
        <metrics statements="8" coveredstatements="8" conditionals="7" coveredconditionals="7" methods="1" coveredmethods="1"/>
        <line num="19" count="8" type="stmt"/>
        <line num="24" count="113" type="cond" truecount="4" falsecount="0"/>
        <line num="25" count="71" type="stmt"/>
        <line num="28" count="42" type="stmt"/>
        <line num="29" count="42" type="stmt"/>
        <line num="31" count="42" type="cond" truecount="2" falsecount="0"/>
        <line num="32" count="28" type="stmt"/>
        <line num="35" count="14" type="stmt"/>
      </file>
      <file name="AlbumArt.module.css" path="C:\Users\sfent\source\repos\FortniteFestivalLeaderboardScraper\FortniteFestivalWeb\src\components\songs\metadata\AlbumArt.module.css">
        <metrics statements="0" coveredstatements="0" conditionals="0" coveredconditionals="0" methods="0" coveredmethods="0"/>
      </file>
      <file name="AlbumArt.tsx" path="C:\Users\sfent\source\repos\FortniteFestivalLeaderboardScraper\FortniteFestivalWeb\src\components\songs\metadata\AlbumArt.tsx">
        <metrics statements="7" coveredstatements="7" conditionals="12" coveredconditionals="9" methods="1" coveredmethods="1"/>
        <line num="4" count="7" type="stmt"/>
        <line num="7" count="118" type="stmt"/>
        <line num="8" count="118" type="stmt"/>
        <line num="14" count="118" type="stmt"/>
        <line num="16" count="118" type="cond" truecount="4" falsecount="0"/>
        <line num="17" count="68" type="stmt"/>
        <line num="20" count="50" type="stmt"/>
      </file>
      <file name="DifficultyBars.tsx" path="C:\Users\sfent\source\repos\FortniteFestivalLeaderboardScraper\FortniteFestivalWeb\src\components\songs\metadata\DifficultyBars.tsx">
        <metrics statements="9" coveredstatements="9" conditionals="4" coveredconditionals="4" methods="2" coveredmethods="2"/>
        <line num="14" count="6" type="stmt"/>
        <line num="15" count="47" type="cond" truecount="2" falsecount="0"/>
        <line num="18" count="47" type="stmt"/>
        <line num="19" count="47" type="stmt"/>
        <line num="20" count="47" type="stmt"/>
        <line num="21" count="47" type="stmt"/>
        <line num="29" count="329" type="stmt"/>
        <line num="30" count="329" type="stmt"/>
        <line num="31" count="329" type="stmt"/>
      </file>
      <file name="GoldStars.tsx" path="C:\Users\sfent\source\repos\FortniteFestivalLeaderboardScraper\FortniteFestivalWeb\src\components\songs\metadata\GoldStars.tsx">
        <metrics statements="4" coveredstatements="4" conditionals="2" coveredconditionals="2" methods="2" coveredmethods="2"/>
        <line num="8" count="2" type="stmt"/>
        <line num="17" count="2" type="cond" truecount="2" falsecount="0"/>
        <line num="18" count="5" type="stmt"/>
        <line num="21" count="23" type="stmt"/>
      </file>
      <file name="MiniStars.module.css" path="C:\Users\sfent\source\repos\FortniteFestivalLeaderboardScraper\FortniteFestivalWeb\src\components\songs\metadata\MiniStars.module.css">
        <metrics statements="0" coveredstatements="0" conditionals="0" coveredconditionals="0" methods="0" coveredmethods="0"/>
      </file>
      <file name="MiniStars.tsx" path="C:\Users\sfent\source\repos\FortniteFestivalLeaderboardScraper\FortniteFestivalWeb\src\components\songs\metadata\MiniStars.tsx">
        <metrics statements="8" coveredstatements="8" conditionals="8" coveredconditionals="8" methods="2" coveredmethods="2"/>
        <line num="5" count="5" type="stmt"/>
        <line num="11" count="5" type="stmt"/>
        <line num="12" count="7" type="stmt"/>
        <line num="13" count="7" type="cond" truecount="2" falsecount="0"/>
        <line num="14" count="7" type="cond" truecount="2" falsecount="0"/>
        <line num="15" count="7" type="cond" truecount="4" falsecount="0"/>
        <line num="16" count="7" type="stmt"/>
        <line num="19" count="28" type="stmt"/>
      </file>
      <file name="PercentilePill.module.css" path="C:\Users\sfent\source\repos\FortniteFestivalLeaderboardScraper\FortniteFestivalWeb\src\components\songs\metadata\PercentilePill.module.css">
        <metrics statements="0" coveredstatements="0" conditionals="0" coveredconditionals="0" methods="0" coveredmethods="0"/>
      </file>
      <file name="PercentilePill.tsx" path="C:\Users\sfent\source\repos\FortniteFestivalLeaderboardScraper\FortniteFestivalWeb\src\components\songs\metadata\PercentilePill.tsx">
        <metrics statements="6" coveredstatements="6" conditionals="8" coveredconditionals="8" methods="1" coveredmethods="1"/>
        <line num="14" count="7" type="stmt"/>
        <line num="17" count="74" type="cond" truecount="2" falsecount="0"/>
        <line num="19" count="72" type="stmt"/>
        <line num="20" count="72" type="cond" truecount="2" falsecount="0"/>
        <line num="22" count="74" type="cond" truecount="4" falsecount="0"/>
        <line num="24" count="74" type="stmt"/>
      </file>
      <file name="SeasonPill.module.css" path="C:\Users\sfent\source\repos\FortniteFestivalLeaderboardScraper\FortniteFestivalWeb\src\components\songs\metadata\SeasonPill.module.css">
        <metrics statements="0" coveredstatements="0" conditionals="0" coveredconditionals="0" methods="0" coveredmethods="0"/>
      </file>
      <file name="SeasonPill.tsx" path="C:\Users\sfent\source\repos\FortniteFestivalLeaderboardScraper\FortniteFestivalWeb\src\components\songs\metadata\SeasonPill.tsx">
        <metrics statements="1" coveredstatements="1" conditionals="0" coveredconditionals="0" methods="1" coveredmethods="1"/>
        <line num="5" count="10" type="stmt"/>
      </file>
      <file name="SongInfo.module.css" path="C:\Users\sfent\source\repos\FortniteFestivalLeaderboardScraper\FortniteFestivalWeb\src\components\songs\metadata\SongInfo.module.css">
        <metrics statements="0" coveredstatements="0" conditionals="0" coveredconditionals="0" methods="0" coveredmethods="0"/>
      </file>
      <file name="SongInfo.tsx" path="C:\Users\sfent\source\repos\FortniteFestivalLeaderboardScraper\FortniteFestivalWeb\src\components\songs\metadata\SongInfo.tsx">
        <metrics statements="2" coveredstatements="2" conditionals="2" coveredconditionals="2" methods="1" coveredmethods="1"/>
        <line num="17" count="6" type="stmt"/>
        <line num="18" count="117" type="stmt"/>
      </file>
    </package>
    <package name="src.components.sort">
      <metrics statements="12" coveredstatements="12" conditionals="24" coveredconditionals="20" methods="8" coveredmethods="7"/>
      <file name="ReorderList.tsx" path="C:\Users\sfent\source\repos\FortniteFestivalLeaderboardScraper\FortniteFestivalWeb\src\components\sort\ReorderList.tsx">
        <metrics statements="5" coveredstatements="5" conditionals="0" coveredconditionals="0" methods="4" coveredmethods="3"/>
        <line num="28" count="5" type="stmt"/>
        <line num="34" count="5" type="stmt"/>
        <line num="45" count="5" type="stmt"/>
        <line num="47" count="21" type="stmt"/>
        <line num="50" count="21" type="stmt"/>
      </file>
      <file name="SortDirection.module.css" path="C:\Users\sfent\source\repos\FortniteFestivalLeaderboardScraper\FortniteFestivalWeb\src\components\sort\SortDirection.module.css">
        <metrics statements="0" coveredstatements="0" conditionals="0" coveredconditionals="0" methods="0" coveredmethods="0"/>
      </file>
      <file name="SortDirection.tsx" path="C:\Users\sfent\source\repos\FortniteFestivalLeaderboardScraper\FortniteFestivalWeb\src\components\sort\SortDirection.tsx">
        <metrics statements="4" coveredstatements="4" conditionals="16" coveredconditionals="16" methods="3" coveredmethods="3"/>
        <line num="19" count="5" type="stmt"/>
        <line num="20" count="5" type="stmt"/>
        <line num="31" count="1" type="stmt"/>
        <line num="39" count="1" type="stmt"/>
      </file>
      <file name="SortableRow.tsx" path="C:\Users\sfent\source\repos\FortniteFestivalLeaderboardScraper\FortniteFestivalWeb\src\components\sort\SortableRow.tsx">
        <metrics statements="3" coveredstatements="3" conditionals="8" coveredconditionals="4" methods="1" coveredmethods="1"/>
        <line num="18" count="21" type="stmt"/>
        <line num="20" count="21" type="stmt"/>
        <line num="29" count="21" type="stmt"/>
      </file>
    </package>
    <package name="src.contexts">
      <metrics statements="91" coveredstatements="86" conditionals="30" coveredconditionals="23" methods="59" coveredmethods="38"/>
      <file name="FabSearchContext.tsx" path="C:\Users\sfent\source\repos\FortniteFestivalLeaderboardScraper\FortniteFestivalWeb\src\contexts\FabSearchContext.tsx">
        <metrics statements="26" coveredstatements="26" conditionals="0" coveredconditionals="0" methods="29" coveredmethods="10"/>
        <line num="17" count="12" type="stmt"/>
        <line num="26" count="182" type="stmt"/>
        <line num="27" count="182" type="stmt"/>
        <line num="28" count="182" type="stmt"/>
        <line num="29" count="182" type="stmt"/>
        <line num="31" count="182" type="stmt"/>
        <line num="32" count="32" type="stmt"/>
        <line num="35" count="182" type="stmt"/>
        <line num="36" count="18" type="stmt"/>
        <line num="39" count="182" type="stmt"/>
        <line num="40" count="16" type="stmt"/>
        <line num="43" count="182" type="stmt"/>
        <line num="44" count="28" type="stmt"/>
        <line num="47" count="182" type="stmt"/>
        <line num="48" count="182" type="stmt"/>
        <line num="49" count="182" type="stmt"/>
        <line num="50" count="182" type="stmt"/>
        <line num="51" count="182" type="stmt"/>
        <line num="53" count="182" type="stmt"/>
        <line num="54" count="182" type="stmt"/>
        <line num="55" count="35" type="stmt"/>
        <line num="58" count="182" type="stmt"/>
        <line num="70" count="182" type="stmt"/>
        <line num="78" count="382" type="stmt"/>
        <line num="82" count="20" type="stmt"/>
        <line num="83" count="20" type="stmt"/>
      </file>
      <file name="FestivalContext.tsx" path="C:\Users\sfent\source\repos\FortniteFestivalLeaderboardScraper\FortniteFestivalWeb\src\contexts\FestivalContext.tsx">
        <metrics statements="12" coveredstatements="12" conditionals="10" coveredconditionals="9" methods="5" coveredmethods="5"/>
        <line num="29" count="15" type="stmt"/>
        <line num="32" count="301" type="stmt"/>
        <line num="34" count="301" type="stmt"/>
        <line num="36" count="181" type="stmt"/>
        <line num="39" count="301" type="stmt"/>
        <line num="40" count="1" type="stmt"/>
        <line num="43" count="301" type="stmt"/>
        <line num="53" count="301" type="stmt"/>
        <line num="61" count="860" type="stmt"/>
        <line num="62" count="860" type="cond" truecount="2" falsecount="0"/>
        <line num="63" count="2" type="stmt"/>
        <line num="65" count="858" type="stmt"/>
      </file>
      <file name="PlayerDataContext.tsx" path="C:\Users\sfent\source\repos\FortniteFestivalLeaderboardScraper\FortniteFestivalWeb\src\contexts\PlayerDataContext.tsx">
        <metrics statements="18" coveredstatements="13" conditionals="16" coveredconditionals="10" methods="6" coveredmethods="5"/>
        <line num="26" count="10" type="stmt"/>
        <line num="35" count="231" type="stmt"/>
        <line num="37" count="231" type="stmt"/>
        <line num="39" count="54" type="stmt"/>
        <line num="43" count="231" type="stmt"/>
        <line num="47" count="231" type="stmt"/>
        <line num="48" count="157" type="cond" truecount="2" falsecount="2"/>
        <line num="49" count="0" type="stmt"/>
        <line num="50" count="0" type="stmt"/>
        <line num="54" count="231" type="stmt"/>
        <line num="55" count="0" type="cond" truecount="0" falsecount="2"/>
        <line num="56" count="0" type="stmt"/>
        <line num="60" count="231" type="stmt"/>
        <line num="71" count="231" type="stmt"/>
        <line num="79" count="291" type="stmt"/>
        <line num="80" count="291" type="cond" truecount="1" falsecount="1"/>
        <line num="81" count="0" type="stmt"/>
        <line num="83" count="291" type="stmt"/>
      </file>
      <file name="SearchQueryContext.tsx" path="C:\Users\sfent\source\repos\FortniteFestivalLeaderboardScraper\FortniteFestivalWeb\src\contexts\SearchQueryContext.tsx">
        <metrics statements="6" coveredstatements="6" conditionals="0" coveredconditionals="0" methods="5" coveredmethods="4"/>
        <line num="12" count="12" type="stmt"/>
        <line num="17" count="171" type="stmt"/>
        <line num="18" count="171" type="stmt"/>
        <line num="20" count="171" type="stmt"/>
        <line num="22" count="171" type="stmt"/>
        <line num="30" count="127" type="stmt"/>
      </file>
      <file name="SettingsContext.tsx" path="C:\Users\sfent\source\repos\FortniteFestivalLeaderboardScraper\FortniteFestivalWeb\src\contexts\SettingsContext.tsx">
        <metrics statements="29" coveredstatements="29" conditionals="4" coveredconditionals="4" methods="14" coveredmethods="14"/>
        <line num="41" count="258" type="stmt"/>
        <line num="73" count="17" type="stmt"/>
        <line num="83" count="2528" type="stmt"/>
        <line num="87" count="1794" type="stmt"/>
        <line num="92" count="17" type="stmt"/>
        <line num="95" count="228" type="stmt"/>
        <line num="96" count="228" type="stmt"/>
        <line num="97" count="228" type="cond" truecount="2" falsecount="0"/>
        <line num="98" count="41" type="stmt"/>
        <line num="99" count="41" type="stmt"/>
        <line num="100" count="41" type="stmt"/>
        <line num="102" count="2" type="stmt"/>
        <line num="107" count="250" type="stmt"/>
        <line num="119" count="17" type="stmt"/>
        <line num="122" count="250" type="stmt"/>
        <line num="124" count="250" type="stmt"/>
        <line num="125" count="250" type="stmt"/>
        <line num="128" count="250" type="stmt"/>
        <line num="129" count="2" type="stmt"/>
        <line num="132" count="250" type="stmt"/>
        <line num="133" count="16" type="stmt"/>
        <line num="136" count="250" type="stmt"/>
        <line num="137" count="4" type="stmt"/>
        <line num="140" count="250" type="stmt"/>
        <line num="144" count="250" type="stmt"/>
        <line num="152" count="960" type="stmt"/>
        <line num="153" count="960" type="cond" truecount="2" falsecount="0"/>
        <line num="154" count="4" type="stmt"/>
        <line num="156" count="956" type="stmt"/>
      </file>
    </package>
    <package name="src.hooks">
      <metrics statements="0" coveredstatements="0" conditionals="0" coveredconditionals="0" methods="0" coveredmethods="0"/>
      <file name="useAccountSearch.ts" path="C:\Users\sfent\source\repos\FortniteFestivalLeaderboardScraper\FortniteFestivalWeb\src\hooks\useAccountSearch.ts">
        <metrics statements="0" coveredstatements="0" conditionals="0" coveredconditionals="0" methods="0" coveredmethods="0"/>
      </file>
      <file name="useFilteredSongs.ts" path="C:\Users\sfent\source\repos\FortniteFestivalLeaderboardScraper\FortniteFestivalWeb\src\hooks\useFilteredSongs.ts">
        <metrics statements="0" coveredstatements="0" conditionals="0" coveredconditionals="0" methods="0" coveredmethods="0"/>
      </file>
      <file name="useHeaderCollapse.ts" path="C:\Users\sfent\source\repos\FortniteFestivalLeaderboardScraper\FortniteFestivalWeb\src\hooks\useHeaderCollapse.ts">
        <metrics statements="0" coveredstatements="0" conditionals="0" coveredconditionals="0" methods="0" coveredmethods="0"/>
      </file>
      <file name="useIsMobile.ts" path="C:\Users\sfent\source\repos\FortniteFestivalLeaderboardScraper\FortniteFestivalWeb\src\hooks\useIsMobile.ts">
        <metrics statements="0" coveredstatements="0" conditionals="0" coveredconditionals="0" methods="0" coveredmethods="0"/>
      </file>
      <file name="useLoadPhase.ts" path="C:\Users\sfent\source\repos\FortniteFestivalLeaderboardScraper\FortniteFestivalWeb\src\hooks\useLoadPhase.ts">
        <metrics statements="0" coveredstatements="0" conditionals="0" coveredconditionals="0" methods="0" coveredmethods="0"/>
      </file>
      <file name="useMediaQuery.ts" path="C:\Users\sfent\source\repos\FortniteFestivalLeaderboardScraper\FortniteFestivalWeb\src\hooks\useMediaQuery.ts">
        <metrics statements="0" coveredstatements="0" conditionals="0" coveredconditionals="0" methods="0" coveredmethods="0"/>
      </file>
      <file name="useModalState.ts" path="C:\Users\sfent\source\repos\FortniteFestivalLeaderboardScraper\FortniteFestivalWeb\src\hooks\useModalState.ts">
        <metrics statements="0" coveredstatements="0" conditionals="0" coveredconditionals="0" methods="0" coveredmethods="0"/>
      </file>
      <file name="useScoreFilter.ts" path="C:\Users\sfent\source\repos\FortniteFestivalLeaderboardScraper\FortniteFestivalWeb\src\hooks\useScoreFilter.ts">
        <metrics statements="0" coveredstatements="0" conditionals="0" coveredconditionals="0" methods="0" coveredmethods="0"/>
      </file>
      <file name="useScrollFade.ts" path="C:\Users\sfent\source\repos\FortniteFestivalLeaderboardScraper\FortniteFestivalWeb\src\hooks\useScrollFade.ts">
        <metrics statements="0" coveredstatements="0" conditionals="0" coveredconditionals="0" methods="0" coveredmethods="0"/>
      </file>
      <file name="useScrollMask.ts" path="C:\Users\sfent\source\repos\FortniteFestivalLeaderboardScraper\FortniteFestivalWeb\src\hooks\useScrollMask.ts">
        <metrics statements="0" coveredstatements="0" conditionals="0" coveredconditionals="0" methods="0" coveredmethods="0"/>
      </file>
      <file name="useScrollRestore.ts" path="C:\Users\sfent\source\repos\FortniteFestivalLeaderboardScraper\FortniteFestivalWeb\src\hooks\useScrollRestore.ts">
        <metrics statements="0" coveredstatements="0" conditionals="0" coveredconditionals="0" methods="0" coveredmethods="0"/>
      </file>
      <file name="useStaggerRush.ts" path="C:\Users\sfent\source\repos\FortniteFestivalLeaderboardScraper\FortniteFestivalWeb\src\hooks\useStaggerRush.ts">
        <metrics statements="0" coveredstatements="0" conditionals="0" coveredconditionals="0" methods="0" coveredmethods="0"/>
      </file>
      <file name="useSuggestions.ts" path="C:\Users\sfent\source\repos\FortniteFestivalLeaderboardScraper\FortniteFestivalWeb\src\hooks\useSuggestions.ts">
        <metrics statements="0" coveredstatements="0" conditionals="0" coveredconditionals="0" methods="0" coveredmethods="0"/>
      </file>
      <file name="useSyncStatus.ts" path="C:\Users\sfent\source\repos\FortniteFestivalLeaderboardScraper\FortniteFestivalWeb\src\hooks\useSyncStatus.ts">
        <metrics statements="0" coveredstatements="0" conditionals="0" coveredconditionals="0" methods="0" coveredmethods="0"/>
      </file>
      <file name="useTabNavigation.ts" path="C:\Users\sfent\source\repos\FortniteFestivalLeaderboardScraper\FortniteFestivalWeb\src\hooks\useTabNavigation.ts">
[...]
        <line num="271" count="34" type="stmt"/>
        <line num="272" count="34" type="stmt"/>
        <line num="273" count="34" type="stmt"/>
        <line num="276" count="34" type="stmt"/>
        <line num="278" count="34" type="stmt"/>
        <line num="279" count="34" type="stmt"/>
        <line num="280" count="1" type="stmt"/>
        <line num="281" count="1" type="stmt"/>
        <line num="286" count="34" type="stmt"/>
        <line num="288" count="34" type="stmt"/>
        <line num="289" count="0" type="cond" truecount="0" falsecount="2"/>
        <line num="290" count="0" type="cond" truecount="0" falsecount="2"/>
        <line num="291" count="0" type="cond" truecount="0" falsecount="2"/>
        <line num="292" count="0" type="stmt"/>
        <line num="293" count="0" type="stmt"/>
        <line num="294" count="0" type="cond" truecount="0" falsecount="2"/>
        <line num="295" count="0" type="stmt"/>
        <line num="299" count="34" type="stmt"/>
        <line num="300" count="18" type="cond" truecount="2" falsecount="0"/>
        <line num="301" count="17" type="stmt"/>
        <line num="305" count="34" type="cond" truecount="5" falsecount="0"/>
        <line num="306" count="2" type="stmt"/>
        <line num="309" count="32" type="cond" truecount="3" falsecount="1"/>
        <line num="310" count="0" type="stmt"/>
        <line num="334" count="32" type="cond" truecount="3" falsecount="1"/>
        <line num="338" count="34" type="stmt"/>
        <line num="389" count="0" type="stmt"/>
        <line num="390" count="0" type="cond" truecount="0" falsecount="2"/>
        <line num="392" count="0" type="stmt"/>
        <line num="394" count="0" type="stmt"/>
      </file>
    </package>
    <package name="src.pages.suggestions.components">
      <metrics statements="68" coveredstatements="43" conditionals="114" coveredconditionals="57" methods="9" coveredmethods="6"/>
      <file name="CategoryCard.module.css" path="C:\Users\sfent\source\repos\FortniteFestivalLeaderboardScraper\FortniteFestivalWeb\src\pages\suggestions\components\CategoryCard.module.css">
        <metrics statements="0" coveredstatements="0" conditionals="0" coveredconditionals="0" methods="0" coveredmethods="0"/>
      </file>
      <file name="CategoryCard.tsx" path="C:\Users\sfent\source\repos\FortniteFestivalLeaderboardScraper\FortniteFestivalWeb\src\pages\suggestions\components\CategoryCard.tsx">
        <metrics statements="68" coveredstatements="43" conditionals="114" coveredconditionals="57" methods="9" coveredmethods="6"/>
        <line num="16" count="2" type="stmt"/>
        <line num="18" count="2" type="stmt"/>
        <line num="30" count="7" type="stmt"/>
        <line num="31" count="7" type="stmt"/>
        <line num="32" count="7" type="stmt"/>
        <line num="33" count="47" type="cond" truecount="2" falsecount="0"/>
        <line num="35" count="7" type="cond" truecount="2" falsecount="0"/>
        <line num="36" count="1" type="stmt"/>
        <line num="37" count="1" type="stmt"/>
        <line num="38" count="6" type="cond" truecount="3" falsecount="1"/>
        <line num="40" count="1" type="stmt"/>
        <line num="46" count="6" type="stmt"/>
        <line num="47" count="6" type="cond" truecount="7" falsecount="1"/>
        <line num="49" count="1" type="stmt"/>
        <line num="50" count="5" type="cond" truecount="1" falsecount="1"/>
        <line num="51" count="5" type="cond" truecount="2" falsecount="0"/>
        <line num="52" count="4" type="cond" truecount="6" falsecount="1"/>
        <line num="53" count="4" type="cond" truecount="2" falsecount="6"/>
        <line num="55" count="4" type="stmt"/>
        <line num="56" count="0" type="stmt"/>
        <line num="61" count="2" type="stmt"/>
        <line num="70" count="6" type="stmt"/>
        <line num="71" count="6" type="stmt"/>
        <line num="84" count="6" type="stmt"/>
        <line num="106" count="6" type="stmt"/>
        <line num="107" count="6" type="stmt"/>
        <line num="108" count="6" type="cond" truecount="2" falsecount="0"/>
        <line num="109" count="6" type="stmt"/>
        <line num="110" count="6" type="cond" truecount="1" falsecount="1"/>
        <line num="111" count="6" type="cond" truecount="2" falsecount="1"/>
        <line num="112" count="6" type="cond" truecount="1" falsecount="1"/>
        <line num="113" count="6" type="cond" truecount="2" falsecount="0"/>
        <line num="114" count="6" type="cond" truecount="2" falsecount="0"/>
        <line num="117" count="6" type="cond" truecount="1" falsecount="1"/>
        <line num="119" count="6" type="stmt"/>
        <line num="128" count="0" type="stmt"/>
        <line num="146" count="6" type="cond" truecount="2" falsecount="0"/>
        <line num="148" count="5" type="cond" truecount="1" falsecount="1"/>
        <line num="149" count="0" type="stmt"/>
        <line num="150" count="0" type="cond" truecount="0" falsecount="4"/>
        <line num="153" count="0" type="cond" truecount="0" falsecount="4"/>
        <line num="154" count="0" type="stmt"/>
        <line num="155" count="0" type="stmt"/>
        <line num="156" count="0" type="stmt"/>
        <line num="157" count="0" type="stmt"/>
        <line num="158" count="0" type="stmt"/>
        <line num="161" count="5" type="cond" truecount="2" falsecount="0"/>
        <line num="162" count="1" type="stmt"/>
        <line num="163" count="1" type="cond" truecount="1" falsecount="1"/>
        <line num="164" count="0" type="cond" truecount="0" falsecount="2"/>
        <line num="165" count="0" type="stmt"/>
        <line num="166" count="0" type="cond" truecount="0" falsecount="2"/>
        <line num="168" count="0" type="stmt"/>
        <line num="169" count="0" type="stmt"/>
        <line num="170" count="0" type="cond" truecount="0" falsecount="6"/>
        <line num="174" count="1" type="cond" truecount="1" falsecount="1"/>
        <line num="177" count="4" type="cond" truecount="1" falsecount="1"/>
        <line num="178" count="0" type="stmt"/>
        <line num="179" count="0" type="stmt"/>
        <line num="191" count="4" type="cond" truecount="1" falsecount="1"/>
        <line num="192" count="4" type="cond" truecount="1" falsecount="1"/>
        <line num="197" count="0" type="stmt"/>
        <line num="207" count="0" type="stmt"/>
        <line num="210" count="0" type="cond" truecount="0" falsecount="2"/>
        <line num="211" count="0" type="cond" truecount="0" falsecount="4"/>
        <line num="212" count="0" type="stmt"/>
        <line num="213" count="0" type="stmt"/>
        <line num="214" count="0" type="stmt"/>
      </file>
    </package>
    <package name="src.pages.suggestions.modals">
      <metrics statements="56" coveredstatements="26" conditionals="30" coveredconditionals="8" methods="23" coveredmethods="9"/>
      <file name="SuggestionsFilterModal.tsx" path="C:\Users\sfent\source\repos\FortniteFestivalLeaderboardScraper\FortniteFestivalWeb\src\pages\suggestions\modals\SuggestionsFilterModal.tsx">
        <metrics statements="56" coveredstatements="26" conditionals="30" coveredconditionals="8" methods="23" coveredmethods="9"/>
        <line num="34" count="70" type="stmt"/>
        <line num="42" count="70" type="stmt"/>
        <line num="43" count="770" type="stmt"/>
        <line num="44" count="770" type="stmt"/>
        <line num="45" count="4620" type="stmt"/>
        <line num="48" count="70" type="stmt"/>
        <line num="52" count="34" type="stmt"/>
        <line num="53" count="2822" type="cond" truecount="1" falsecount="1"/>
        <line num="60" count="2" type="stmt"/>
        <line num="94" count="35" type="stmt"/>
        <line num="96" count="210" type="stmt"/>
        <line num="97" count="35" type="cond" truecount="2" falsecount="2"/>
        <line num="99" count="35" type="stmt"/>
        <line num="101" count="35" type="stmt"/>
        <line num="102" count="20" type="cond" truecount="1" falsecount="1"/>
        <line num="103" count="20" type="stmt"/>
        <line num="106" count="35" type="stmt"/>
        <line num="107" count="35" type="stmt"/>
        <line num="108" count="0" type="cond" truecount="0" falsecount="2"/>
        <line num="109" count="0" type="stmt"/>
        <line num="111" count="0" type="stmt"/>
        <line num="114" count="35" type="stmt"/>
        <line num="115" count="0" type="stmt"/>
        <line num="116" count="0" type="stmt"/>
        <line num="119" count="35" type="stmt"/>
        <line num="120" count="0" type="stmt"/>
        <line num="121" count="0" type="stmt"/>
        <line num="122" count="0" type="stmt"/>
        <line num="123" count="0" type="stmt"/>
        <line num="124" count="0" type="stmt"/>
        <line num="126" count="0" type="stmt"/>
        <line num="129" count="35" type="stmt"/>
        <line num="130" count="0" type="stmt"/>
        <line num="131" count="0" type="stmt"/>
        <line num="132" count="0" type="stmt"/>
        <line num="133" count="0" type="stmt"/>
        <line num="134" count="0" type="cond" truecount="0" falsecount="4"/>
        <line num="135" count="0" type="stmt"/>
        <line num="136" count="0" type="cond" truecount="0" falsecount="2"/>
        <line num="137" count="0" type="stmt"/>
        <line num="138" count="0" type="stmt"/>
        <line num="139" count="0" type="cond" truecount="0" falsecount="2"/>
        <line num="141" count="0" type="cond" truecount="0" falsecount="2"/>
        <line num="143" count="0" type="stmt"/>
        <line num="146" count="35" type="stmt"/>
        <line num="153" count="202" type="stmt"/>
        <line num="162" count="0" type="stmt"/>
        <line num="172" count="385" type="stmt"/>
        <line num="177" count="0" type="stmt"/>
        <line num="187" count="202" type="stmt"/>
        <line num="188" count="202" type="stmt"/>
        <line num="192" count="0" type="cond" truecount="0" falsecount="2"/>
        <line num="208" count="0" type="stmt"/>
        <line num="209" count="0" type="stmt"/>
        <line num="215" count="0" type="stmt"/>
        <line num="229" count="0" type="stmt"/>
      </file>
    </package>
    <package name="src.styles">
      <metrics statements="0" coveredstatements="0" conditionals="0" coveredconditionals="0" methods="0" coveredmethods="0"/>
      <file name="shared.module.css" path="C:\Users\sfent\source\repos\FortniteFestivalLeaderboardScraper\FortniteFestivalWeb\src\styles\shared.module.css">
        <metrics statements="0" coveredstatements="0" conditionals="0" coveredconditionals="0" methods="0" coveredmethods="0"/>
      </file>
    </package>
    <package name="src.test.helpers">
      <metrics statements="44" coveredstatements="38" conditionals="5" coveredconditionals="3" methods="23" coveredmethods="14"/>
      <file name="TestProviders.tsx" path="C:\Users\sfent\source\repos\FortniteFestivalLeaderboardScraper\FortniteFestivalWeb\src\test\helpers\TestProviders.tsx">
        <metrics statements="3" coveredstatements="3" conditionals="1" coveredconditionals="1" methods="2" coveredmethods="2"/>
        <line num="16" count="138" type="stmt"/>
        <line num="25" count="138" type="stmt"/>
        <line num="26" count="138" type="stmt"/>
      </file>
      <file name="apiMocks.ts" path="C:\Users\sfent\source\repos\FortniteFestivalLeaderboardScraper\FortniteFestivalWeb\src\test\helpers\apiMocks.ts">
        <metrics statements="15" coveredstatements="14" conditionals="1" coveredconditionals="0" methods="1" coveredmethods="0"/>
        <line num="30" count="1" type="stmt"/>
        <line num="76" count="1" type="stmt"/>
        <line num="84" count="1" type="stmt"/>
        <line num="90" count="1" type="stmt"/>
        <line num="97" count="1" type="stmt"/>
        <line num="103" count="1" type="stmt"/>
        <line num="109" count="1" type="stmt"/>
        <line num="118" count="1" type="stmt"/>
        <line num="130" count="1" type="stmt"/>
        <line num="136" count="1" type="stmt"/>
        <line num="144" count="1" type="stmt"/>
        <line num="151" count="1" type="stmt"/>
        <line num="158" count="1" type="stmt"/>
        <line num="165" count="1" type="stmt"/>
        <line num="175" count="0" type="stmt"/>
      </file>
      <file name="browserStubs.ts" path="C:\Users\sfent\source\repos\FortniteFestivalLeaderboardScraper\FortniteFestivalWeb\src\test\helpers\browserStubs.ts">
        <metrics statements="26" coveredstatements="21" conditionals="3" coveredconditionals="2" methods="20" coveredmethods="12"/>
        <line num="10" count="8" type="stmt"/>
        <line num="11" count="8" type="stmt"/>
        <line num="19" count="4" type="stmt"/>
        <line num="21" count="120" type="stmt"/>
        <line num="23" count="4" type="stmt"/>
        <line num="25" count="120" type="stmt"/>
        <line num="27" count="4" type="stmt"/>
        <line num="29" count="0" type="stmt"/>
        <line num="31" count="4" type="stmt"/>
        <line num="33" count="276" type="stmt"/>
        <line num="36" count="4" type="stmt"/>
        <line num="45" count="0" type="stmt"/>
        <line num="51" count="7" type="stmt"/>
        <line num="55" count="101" type="stmt"/>
        <line num="58" count="101" type="stmt"/>
        <line num="59" count="101" type="stmt"/>
        <line num="63" count="147" type="stmt"/>
        <line num="65" count="147" type="stmt"/>
        <line num="72" count="46" type="stmt"/>
        <line num="76" count="55" type="stmt"/>
        <line num="80" count="7" type="stmt"/>
        <line num="81" count="7" type="stmt"/>
        <line num="93" count="2" type="stmt"/>
        <line num="98" count="0" type="stmt"/>
        <line num="109" count="0" type="stmt"/>
        <line num="115" count="0" type="stmt"/>
      </file>
    </package>
    <package name="src.utils">
      <metrics statements="79" coveredstatements="76" conditionals="86" coveredconditionals="77" methods="19" coveredmethods="18"/>
      <file name="formatters.ts" path="C:\Users\sfent\source\repos\FortniteFestivalLeaderboardScraper\FortniteFestivalWeb\src\utils\formatters.ts">
        <metrics statements="2" coveredstatements="2" conditionals="2" coveredconditionals="2" methods="1" coveredmethods="1"/>
        <line num="10" count="42" type="stmt"/>
        <line num="11" count="42" type="cond" truecount="2" falsecount="0"/>
      </file>
      <file name="platform.ts" path="C:\Users\sfent\source\repos\FortniteFestivalLeaderboardScraper\FortniteFestivalWeb\src\utils\platform.ts">
        <metrics statements="0" coveredstatements="0" conditionals="0" coveredconditionals="0" methods="0" coveredmethods="0"/>
      </file>
      <file name="songSettings.ts" path="C:\Users\sfent\source\repos\FortniteFestivalLeaderboardScraper\FortniteFestivalWeb\src\utils\songSettings.ts">
        <metrics statements="25" coveredstatements="24" conditionals="26" coveredconditionals="25" methods="9" coveredmethods="8"/>
        <line num="24" count="18" type="stmt"/>
        <line num="33" count="18" type="stmt"/>
        <line num="34" count="42" type="stmt"/>
        <line num="36" count="18" type="stmt"/>
        <line num="45" count="18" type="stmt"/>
        <line num="62" count="64" type="stmt"/>
        <line num="73" count="18" type="stmt"/>
        <line num="74" count="119" type="cond" truecount="8" falsecount="0"/>
        <line num="81" count="0" type="stmt"/>
        <line num="85" count="18" type="stmt"/>
        <line num="96" count="58" type="stmt"/>
        <line num="106" count="48" type="stmt"/>
        <line num="107" count="48" type="stmt"/>
        <line num="108" count="48" type="cond" truecount="2" falsecount="0"/>
        <line num="109" count="8" type="stmt"/>
        <line num="111" count="8" type="stmt"/>
        <line num="112" count="8" type="stmt"/>
        <line num="124" count="1" type="stmt"/>
        <line num="128" count="18" type="stmt"/>
        <line num="131" count="38" type="stmt"/>
        <line num="132" count="38" type="stmt"/>
        <line num="137" count="2" type="stmt"/>
        <line num="138" count="2" type="stmt"/>
        <line num="139" count="2" type="stmt"/>
        <line num="146" count="2" type="stmt"/>
      </file>
      <file name="suggestionAdapter.ts" path="C:\Users\sfent\source\repos\FortniteFestivalLeaderboardScraper\FortniteFestivalWeb\src\utils\suggestionAdapter.ts">
        <metrics statements="27" coveredstatements="27" conditionals="24" coveredconditionals="23" methods="3" coveredmethods="3"/>
        <line num="10" count="2" type="stmt"/>
        <line num="20" count="3" type="stmt"/>
        <line num="44" count="43" type="stmt"/>
        <line num="45" count="43" type="stmt"/>
        <line num="46" count="43" type="stmt"/>
        <line num="47" count="43" type="cond" truecount="2" falsecount="0"/>
        <line num="48" count="43" type="cond" truecount="2" falsecount="0"/>
        <line num="49" count="43" type="cond" truecount="2" falsecount="0"/>
        <line num="50" count="43" type="stmt"/>
        <line num="51" count="43" type="cond" truecount="2" falsecount="0"/>
        <line num="52" count="43" type="cond" truecount="1" falsecount="1"/>
        <line num="55" count="43" type="cond" truecount="4" falsecount="0"/>
        <line num="56" count="39" type="stmt"/>
        <line num="57" count="4" type="cond" truecount="4" falsecount="0"/>
        <line num="59" count="3" type="stmt"/>
        <line num="62" count="43" type="stmt"/>
        <line num="63" count="43" type="stmt"/>
        <line num="69" count="21" type="stmt"/>
        <line num="71" count="21" type="stmt"/>
        <line num="72" count="44" type="stmt"/>
        <line num="73" count="44" type="cond" truecount="2" falsecount="0"/>
        <line num="75" count="43" type="stmt"/>
        <line num="76" count="43" type="cond" truecount="2" falsecount="0"/>
        <line num="77" count="42" type="stmt"/>
        <line num="78" count="42" type="stmt"/>
        <line num="81" count="43" type="stmt"/>
        <line num="84" count="21" type="stmt"/>
      </file>
      <file name="suggestionsFilter.ts" path="C:\Users\sfent\source\repos\FortniteFestivalLeaderboardScraper\FortniteFestivalWeb\src\utils\suggestionsFilter.ts">
        <metrics statements="25" coveredstatements="23" conditionals="34" coveredconditionals="27" methods="6" coveredmethods="6"/>
        <line num="10" count="1" type="stmt"/>
        <line num="22" count="3" type="stmt"/>
        <line num="23" count="3" type="stmt"/>
        <line num="24" count="3" type="cond" truecount="2" falsecount="0"/>
        <line num="25" count="2" type="stmt"/>
        <line num="26" count="2" type="stmt"/>
        <line num="29" count="2" type="stmt"/>
        <line num="33" count="1" type="stmt"/>
        <line num="40" count="2" type="stmt"/>
        <line num="51" count="3" type="stmt"/>
        <line num="52" count="3" type="cond" truecount="2" falsecount="0"/>
        <line num="53" count="2" type="cond" truecount="1" falsecount="1"/>
        <line num="60" count="7" type="stmt"/>
        <line num="61" count="7" type="cond" truecount="2" falsecount="0"/>
        <line num="62" count="6" type="stmt"/>
        <line num="63" count="6" type="cond" truecount="1" falsecount="1"/>
        <line num="64" count="0" type="stmt"/>
        <line num="65" count="0" type="cond" truecount="0" falsecount="4"/>
        <line num="67" count="6" type="stmt"/>
        <line num="68" count="8" type="cond" truecount="2" falsecount="0"/>
        <line num="69" count="7" type="stmt"/>
        <line num="70" count="7" type="cond" truecount="1" falsecount="1"/>
        <line num="72" count="6" type="cond" truecount="2" falsecount="0"/>
        <line num="73" count="4" type="cond" truecount="2" falsecount="0"/>
        <line num="74" count="2" type="stmt"/>
      </file>
    </package>
  </project>
</coverage>
